2026-02-24 21:56:14 [main] INFO  traceId= c.e.backend.BackendApplicationTests - Starting BackendApplicationTests using Java 17.0.18 with PID 3280 (started by ec2-user in /home/ec2-user/backend)
2026-02-24 21:56:14 [main] INFO  traceId= c.e.backend.BackendApplicationTests - No active profile set, falling back to 1 default profile: "default"
2026-02-24 21:56:15 [main] INFO  traceId= o.s.d.r.c.RepositoryConfigurationDelegate - Bootstrapping Spring Data JPA repositories in DEFAULT mode.
2026-02-24 21:56:16 [main] INFO  traceId= o.s.d.r.c.RepositoryConfigurationDelegate - Finished Spring Data repository scanning in 96 ms. Found 5 JPA repository interfaces.
2026-02-24 21:56:16 [main] INFO  traceId= org.hibernate.orm.jpa - HHH008540: Processing PersistenceUnitInfo [name: default]
2026-02-24 21:56:17 [main] INFO  traceId= org.hibernate.orm.core - HHH000001: Hibernate ORM core version 7.2.1.Final
2026-02-24 21:56:17 [main] INFO  traceId= o.s.o.j.p.SpringPersistenceUnitInfo - No LoadTimeWeaver setup: ignoring JPA class transformer
2026-02-24 21:56:17 [main] INFO  traceId= com.zaxxer.hikari.HikariDataSource - HikariPool-1 - Starting...
2026-02-24 21:56:18 [main] INFO  traceId= com.zaxxer.hikari.pool.HikariPool - HikariPool-1 - Added connection com.mysql.cj.jdbc.ConnectionImpl@fe38c0e
2026-02-24 21:56:18 [main] INFO  traceId= com.zaxxer.hikari.HikariDataSource - HikariPool-1 - Start completed.
2026-02-24 21:56:18 [main] INFO  traceId= o.hibernate.orm.connections.pooling - HHH10001005: Database info:
	Database JDBC URL [jdbc:mysql://springboot-mysql-db.cib4ieai2x7l.us-east-1.rds.amazonaws.com:3306/banking_db]
	Database driver: MySQL Connector/J
	Database dialect: MySQLDialect
	Database version: 8.4.7
	Default catalog/schema: banking_db/undefined
	Autocommit mode: undefined/unknown
	Isolation level: REPEATABLE_READ [default REPEATABLE_READ]
	JDBC fetch size: none
	Pool: DataSourceConnectionProvider
	Minimum pool size: undefined/unknown
	Maximum pool size: undefined/unknown
2026-02-24 21:56:20 [main] INFO  traceId= org.hibernate.orm.core - HHH000489: No JTA platform available (set 'hibernate.transaction.jta.platform' to enable JTA platform integration)
2026-02-24 21:56:20 [main] INFO  traceId= o.s.o.j.LocalContainerEntityManagerFactoryBean - Initialized JPA EntityManagerFactory for persistence unit 'default'
2026-02-24 21:56:20 [main] INFO  traceId= o.s.d.j.r.q.QueryEnhancerFactories - Hibernate is in classpath; If applicable, HQL parser will be used.
2026-02-24 21:56:22 [main] WARN  traceId= o.s.b.j.a.JpaBaseConfiguration$JpaWebConfiguration - spring.jpa.open-in-view is enabled by default. Therefore, database queries may be performed during view rendering. Explicitly configure spring.jpa.open-in-view to disable this warning
2026-02-24 21:56:23 [main] INFO  traceId= o.s.b.a.e.web.EndpointLinksResolver - Exposing 1 endpoint beneath base path '/actuator'
2026-02-24 21:56:23 [main] INFO  traceId= c.e.backend.BackendApplicationTests - Started BackendApplicationTests in 9.935 seconds (process running for 12.23)
2026-02-24 21:56:24 [SpringApplicationShutdownHook] INFO  traceId= o.s.o.j.LocalContainerEntityManagerFactoryBean - Closing JPA EntityManagerFactory for persistence unit 'default'
2026-02-24 21:56:24 [SpringApplicationShutdownHook] INFO  traceId= com.zaxxer.hikari.HikariDataSource - HikariPool-1 - Shutdown initiated...
2026-02-24 21:56:24 [SpringApplicationShutdownHook] INFO  traceId= com.zaxxer.hikari.HikariDataSource - HikariPool-1 - Shutdown completed.
2026-02-24 21:56:35 [main] INFO  traceId= c.example.backend.BackendApplication - Starting BackendApplication v0.0.1-SNAPSHOT using Java 17.0.18 with PID 3419 (/home/ec2-user/backend/target/backend-0.0.1-SNAPSHOT.jar started by ec2-user in /home/ec2-user/backend)
2026-02-24 21:56:35 [main] INFO  traceId= c.example.backend.BackendApplication - No active profile set, falling back to 1 default profile: "default"
2026-02-24 21:56:37 [main] INFO  traceId= o.s.d.r.c.RepositoryConfigurationDelegate - Bootstrapping Spring Data JPA repositories in DEFAULT mode.
2026-02-24 21:56:37 [main] INFO  traceId= o.s.d.r.c.RepositoryConfigurationDelegate - Finished Spring Data repository scanning in 104 ms. Found 5 JPA repository interfaces.
2026-02-24 21:56:38 [main] INFO  traceId= o.s.boot.tomcat.TomcatWebServer - Tomcat initialized with port 8080 (http)
2026-02-24 21:56:38 [main] INFO  traceId= o.a.catalina.core.StandardService - Starting service [Tomcat]
2026-02-24 21:56:38 [main] INFO  traceId= o.a.catalina.core.StandardEngine - Starting Servlet engine: [Apache Tomcat/11.0.15]
2026-02-24 21:56:38 [main] INFO  traceId= o.s.b.w.c.s.WebApplicationContextInitializer - Root WebApplicationContext: initialization completed in 3501 ms
2026-02-24 21:56:39 [main] INFO  traceId= org.hibernate.orm.jpa - HHH008540: Processing PersistenceUnitInfo [name: default]
2026-02-24 21:56:39 [main] INFO  traceId= org.hibernate.orm.core - HHH000001: Hibernate ORM core version 7.2.1.Final
2026-02-24 21:56:40 [main] INFO  traceId= o.s.o.j.p.SpringPersistenceUnitInfo - No LoadTimeWeaver setup: ignoring JPA class transformer
2026-02-24 21:56:40 [main] INFO  traceId= com.zaxxer.hikari.HikariDataSource - HikariPool-1 - Starting...
2026-02-24 21:56:41 [main] INFO  traceId= com.zaxxer.hikari.pool.HikariPool - HikariPool-1 - Added connection com.mysql.cj.jdbc.ConnectionImpl@813ab53
2026-02-24 21:56:41 [main] INFO  traceId= com.zaxxer.hikari.HikariDataSource - HikariPool-1 - Start completed.
2026-02-24 21:56:41 [main] INFO  traceId= o.hibernate.orm.connections.pooling - HHH10001005: Database info:
	Database JDBC URL [jdbc:mysql://springboot-mysql-db.cib4ieai2x7l.us-east-1.rds.amazonaws.com:3306/banking_db]
	Database driver: MySQL Connector/J
	Database dialect: MySQLDialect
	Database version: 8.4.7
	Default catalog/schema: banking_db/undefined
	Autocommit mode: undefined/unknown
	Isolation level: REPEATABLE_READ [default REPEATABLE_READ]
	JDBC fetch size: none
	Pool: DataSourceConnectionProvider
	Minimum pool size: undefined/unknown
	Maximum pool size: undefined/unknown
2026-02-24 21:56:43 [main] INFO  traceId= org.hibernate.orm.core - HHH000489: No JTA platform available (set 'hibernate.transaction.jta.platform' to enable JTA platform integration)
2026-02-24 21:56:44 [main] INFO  traceId= o.s.o.j.LocalContainerEntityManagerFactoryBean - Initialized JPA EntityManagerFactory for persistence unit 'default'
2026-02-24 21:56:44 [main] INFO  traceId= o.s.d.j.r.q.QueryEnhancerFactories - Hibernate is in classpath; If applicable, HQL parser will be used.
2026-02-24 21:56:45 [main] WARN  traceId= o.s.b.j.a.JpaBaseConfiguration$JpaWebConfiguration - spring.jpa.open-in-view is enabled by default. Therefore, database queries may be performed during view rendering. Explicitly configure spring.jpa.open-in-view to disable this warning
2026-02-24 21:56:46 [main] INFO  traceId= o.s.b.a.e.web.EndpointLinksResolver - Exposing 1 endpoint beneath base path '/actuator'
2026-02-24 21:56:46 [main] INFO  traceId= o.s.boot.tomcat.TomcatWebServer - Tomcat started on port 8080 (http) with context path '/'
2026-02-24 21:56:46 [main] INFO  traceId= c.example.backend.BackendApplication - Started BackendApplication in 12.989 seconds (process running for 14.271)
2026-02-24 21:57:17 [http-nio-8080-exec-1] INFO  traceId= o.a.c.c.C.[Tomcat].[localhost].[/] - Initializing Spring DispatcherServlet 'dispatcherServlet'
2026-02-24 21:57:17 [http-nio-8080-exec-1] INFO  traceId= o.s.web.servlet.DispatcherServlet - Initializing Servlet 'dispatcherServlet'
2026-02-24 21:57:17 [http-nio-8080-exec-1] INFO  traceId= o.s.web.servlet.DispatcherServlet - Completed initialization in 3 ms
2026-02-24 21:57:17 [http-nio-8080-exec-1] INFO  traceId=5df92458-e860-4f24-81d0-f5d204d9b942 c.e.b.config.RequestLoggingFilter - START GET /api/customers
2026-02-24 21:57:18 [http-nio-8080-exec-1] INFO  traceId=5df92458-e860-4f24-81d0-f5d204d9b942 c.e.b.config.RequestLoggingFilter - END GET /api/customers | status=200 | duration=574ms
2026-02-24 21:57:35 [http-nio-8080-exec-2] INFO  traceId=10997c28-9cc5-4d1b-a3a4-7f8b9626f60a c.e.b.config.RequestLoggingFilter - START GET /api/customers/1
2026-02-24 21:57:35 [http-nio-8080-exec-2] INFO  traceId=10997c28-9cc5-4d1b-a3a4-7f8b9626f60a c.e.b.config.RequestLoggingFilter - END GET /api/customers/1 | status=200 | duration=34ms
2026-02-24 21:57:40 [http-nio-8080-exec-3] INFO  traceId=964ede80-3321-4d82-8d5c-fbd8510f0fd1 c.e.b.config.RequestLoggingFilter - START GET /api/customers/3
2026-02-24 21:57:40 [http-nio-8080-exec-3] INFO  traceId=964ede80-3321-4d82-8d5c-fbd8510f0fd1 c.e.b.config.RequestLoggingFilter - END GET /api/customers/3 | status=200 | duration=17ms
2026-02-24 21:59:20 [http-nio-8080-exec-5] INFO  traceId=6ce5931b-ce88-4443-b34d-70e459c4f651 c.e.b.config.RequestLoggingFilter - START GET /api/loan-request/pending
2026-02-24 21:59:21 [http-nio-8080-exec-5] INFO  traceId=6ce5931b-ce88-4443-b34d-70e459c4f651 c.e.b.config.RequestLoggingFilter - END GET /api/loan-request/pending | status=200 | duration=470ms
2026-02-24 21:59:21 [http-nio-8080-exec-6] INFO  traceId=8afd17c2-ee60-4f83-893f-87cdf5d4b102 c.e.b.config.RequestLoggingFilter - START GET /api/non-existing-loan-applications/pending
2026-02-24 21:59:21 [http-nio-8080-exec-6] INFO  traceId=8afd17c2-ee60-4f83-893f-87cdf5d4b102 c.e.b.config.RequestLoggingFilter - END GET /api/non-existing-loan-applications/pending | status=200 | duration=26ms
2026-02-24 22:14:20 [http-nio-8080-exec-7] INFO  traceId=541c32f8-e241-47dd-9f56-55bee69f6af0 c.e.b.config.RequestLoggingFilter - START GET /api/loan-request/pending
2026-02-24 22:14:20 [http-nio-8080-exec-7] INFO  traceId=541c32f8-e241-47dd-9f56-55bee69f6af0 c.e.b.config.RequestLoggingFilter - END GET /api/loan-request/pending | status=200 | duration=8ms
2026-02-24 22:14:20 [http-nio-8080-exec-8] INFO  traceId=58a95525-d633-4616-85bb-39783c371e7d c.e.b.config.RequestLoggingFilter - START GET /api/non-existing-loan-applications/pending
2026-02-24 22:14:20 [http-nio-8080-exec-8] INFO  traceId=58a95525-d633-4616-85bb-39783c371e7d c.e.b.config.RequestLoggingFilter - END GET /api/non-existing-loan-applications/pending | status=200 | duration=6ms
2026-02-24 22:17:43 [SpringApplicationShutdownHook] INFO  traceId= o.s.boot.tomcat.GracefulShutdown - Commencing graceful shutdown. Waiting for active requests to complete
2026-02-24 22:17:43 [tomcat-shutdown] INFO  traceId= o.s.boot.tomcat.GracefulShutdown - Graceful shutdown complete
2026-02-24 22:17:43 [SpringApplicationShutdownHook] INFO  traceId= o.s.o.j.LocalContainerEntityManagerFactoryBean - Closing JPA EntityManagerFactory for persistence unit 'default'
2026-02-24 22:17:43 [SpringApplicationShutdownHook] INFO  traceId= com.zaxxer.hikari.HikariDataSource - HikariPool-1 - Shutdown initiated...
2026-02-24 22:17:43 [SpringApplicationShutdownHook] INFO  traceId= com.zaxxer.hikari.HikariDataSource - HikariPool-1 - Shutdown completed.
2026-02-24 22:18:00 [main] INFO  traceId= c.e.backend.BackendApplicationTests - Starting BackendApplicationTests using Java 17.0.18 with PID 4777 (started by ec2-user in /home/ec2-user/backend)
2026-02-24 22:18:00 [main] INFO  traceId= c.e.backend.BackendApplicationTests - No active profile set, falling back to 1 default profile: "default"
2026-02-24 22:18:02 [main] INFO  traceId= o.s.d.r.c.RepositoryConfigurationDelegate - Bootstrapping Spring Data JPA repositories in DEFAULT mode.
2026-02-24 22:18:02 [main] INFO  traceId= o.s.d.r.c.RepositoryConfigurationDelegate - Finished Spring Data repository scanning in 308 ms. Found 5 JPA repository interfaces.
2026-02-24 22:18:03 [main] INFO  traceId= org.hibernate.orm.jpa - HHH008540: Processing PersistenceUnitInfo [name: default]
2026-02-24 22:18:03 [main] INFO  traceId= org.hibernate.orm.core - HHH000001: Hibernate ORM core version 7.2.1.Final
2026-02-24 22:18:04 [main] INFO  traceId= o.s.o.j.p.SpringPersistenceUnitInfo - No LoadTimeWeaver setup: ignoring JPA class transformer
2026-02-24 22:18:04 [main] INFO  traceId= com.zaxxer.hikari.HikariDataSource - HikariPool-1 - Starting...
2026-02-24 22:18:04 [main] INFO  traceId= com.zaxxer.hikari.pool.HikariPool - HikariPool-1 - Added connection com.mysql.cj.jdbc.ConnectionImpl@5a654e05
2026-02-24 22:18:04 [main] INFO  traceId= com.zaxxer.hikari.HikariDataSource - HikariPool-1 - Start completed.
2026-02-24 22:18:05 [main] INFO  traceId= o.hibernate.orm.connections.pooling - HHH10001005: Database info:
	Database JDBC URL [jdbc:mysql://springboot-mysql-db.cib4ieai2x7l.us-east-1.rds.amazonaws.com:3306/banking_db]
	Database driver: MySQL Connector/J
	Database dialect: MySQLDialect
	Database version: 8.4.7
	Default catalog/schema: banking_db/undefined
	Autocommit mode: undefined/unknown
	Isolation level: REPEATABLE_READ [default REPEATABLE_READ]
	JDBC fetch size: none
	Pool: DataSourceConnectionProvider
	Minimum pool size: undefined/unknown
	Maximum pool size: undefined/unknown
2026-02-24 22:18:06 [main] INFO  traceId= org.hibernate.orm.core - HHH000489: No JTA platform available (set 'hibernate.transaction.jta.platform' to enable JTA platform integration)
2026-02-24 22:18:07 [main] INFO  traceId= o.s.o.j.LocalContainerEntityManagerFactoryBean - Initialized JPA EntityManagerFactory for persistence unit 'default'
2026-02-24 22:18:07 [main] INFO  traceId= o.s.d.j.r.q.QueryEnhancerFactories - Hibernate is in classpath; If applicable, HQL parser will be used.
2026-02-24 22:18:08 [main] WARN  traceId= o.s.b.j.a.JpaBaseConfiguration$JpaWebConfiguration - spring.jpa.open-in-view is enabled by default. Therefore, database queries may be performed during view rendering. Explicitly configure spring.jpa.open-in-view to disable this warning
2026-02-24 22:18:09 [main] INFO  traceId= o.s.b.a.e.web.EndpointLinksResolver - Exposing 1 endpoint beneath base path '/actuator'
2026-02-24 22:18:09 [main] INFO  traceId= c.e.backend.BackendApplicationTests - Started BackendApplicationTests in 10.069 seconds (process running for 12.112)
2026-02-24 22:18:10 [SpringApplicationShutdownHook] INFO  traceId= o.s.o.j.LocalContainerEntityManagerFactoryBean - Closing JPA EntityManagerFactory for persistence unit 'default'
2026-02-24 22:18:10 [SpringApplicationShutdownHook] INFO  traceId= com.zaxxer.hikari.HikariDataSource - HikariPool-1 - Shutdown initiated...
2026-02-24 22:18:10 [SpringApplicationShutdownHook] INFO  traceId= com.zaxxer.hikari.HikariDataSource - HikariPool-1 - Shutdown completed.
2026-02-24 22:18:23 [main] INFO  traceId= c.example.backend.BackendApplication - Starting BackendApplication v0.0.1-SNAPSHOT using Java 17.0.18 with PID 4906 (/home/ec2-user/backend/target/backend-0.0.1-SNAPSHOT.jar started by ec2-user in /home/ec2-user/backend)
2026-02-24 22:18:23 [main] INFO  traceId= c.example.backend.BackendApplication - No active profile set, falling back to 1 default profile: "default"
2026-02-24 22:18:25 [main] INFO  traceId= o.s.d.r.c.RepositoryConfigurationDelegate - Bootstrapping Spring Data JPA repositories in DEFAULT mode.
2026-02-24 22:18:25 [main] INFO  traceId= o.s.d.r.c.RepositoryConfigurationDelegate - Finished Spring Data repository scanning in 116 ms. Found 5 JPA repository interfaces.
2026-02-24 22:18:26 [main] INFO  traceId= o.s.boot.tomcat.TomcatWebServer - Tomcat initialized with port 8080 (http)
2026-02-24 22:18:26 [main] INFO  traceId= o.a.catalina.core.StandardService - Starting service [Tomcat]
2026-02-24 22:18:26 [main] INFO  traceId= o.a.catalina.core.StandardEngine - Starting Servlet engine: [Apache Tomcat/11.0.15]
2026-02-24 22:18:27 [main] INFO  traceId= o.s.b.w.c.s.WebApplicationContextInitializer - Root WebApplicationContext: initialization completed in 3482 ms
2026-02-24 22:18:27 [main] INFO  traceId= org.hibernate.orm.jpa - HHH008540: Processing PersistenceUnitInfo [name: default]
2026-02-24 22:18:27 [main] INFO  traceId= org.hibernate.orm.core - HHH000001: Hibernate ORM core version 7.2.1.Final
2026-02-24 22:18:28 [main] INFO  traceId= o.s.o.j.p.SpringPersistenceUnitInfo - No LoadTimeWeaver setup: ignoring JPA class transformer
2026-02-24 22:18:28 [main] INFO  traceId= com.zaxxer.hikari.HikariDataSource - HikariPool-1 - Starting...
2026-02-24 22:18:29 [main] INFO  traceId= com.zaxxer.hikari.pool.HikariPool - HikariPool-1 - Added connection com.mysql.cj.jdbc.ConnectionImpl@813ab53
2026-02-24 22:18:29 [main] INFO  traceId= com.zaxxer.hikari.HikariDataSource - HikariPool-1 - Start completed.
2026-02-24 22:18:29 [main] INFO  traceId= o.hibernate.orm.connections.pooling - HHH10001005: Database info:
	Database JDBC URL [jdbc:mysql://springboot-mysql-db.cib4ieai2x7l.us-east-1.rds.amazonaws.com:3306/banking_db]
	Database driver: MySQL Connector/J
	Database dialect: MySQLDialect
	Database version: 8.4.7
	Default catalog/schema: banking_db/undefined
	Autocommit mode: undefined/unknown
	Isolation level: REPEATABLE_READ [default REPEATABLE_READ]
	JDBC fetch size: none
	Pool: DataSourceConnectionProvider
	Minimum pool size: undefined/unknown
	Maximum pool size: undefined/unknown
2026-02-24 22:18:32 [main] INFO  traceId= org.hibernate.orm.core - HHH000489: No JTA platform available (set 'hibernate.transaction.jta.platform' to enable JTA platform integration)
2026-02-24 22:18:32 [main] INFO  traceId= o.s.o.j.LocalContainerEntityManagerFactoryBean - Initialized JPA EntityManagerFactory for persistence unit 'default'
2026-02-24 22:18:32 [main] INFO  traceId= o.s.d.j.r.q.QueryEnhancerFactories - Hibernate is in classpath; If applicable, HQL parser will be used.
2026-02-24 22:18:34 [main] WARN  traceId= o.s.b.j.a.JpaBaseConfiguration$JpaWebConfiguration - spring.jpa.open-in-view is enabled by default. Therefore, database queries may be performed during view rendering. Explicitly configure spring.jpa.open-in-view to disable this warning
2026-02-24 22:18:35 [main] INFO  traceId= o.s.b.a.e.web.EndpointLinksResolver - Exposing 1 endpoint beneath base path '/actuator'
2026-02-24 22:18:35 [main] INFO  traceId= o.s.boot.tomcat.TomcatWebServer - Tomcat started on port 8080 (http) with context path '/'
2026-02-24 22:18:35 [main] INFO  traceId= c.example.backend.BackendApplication - Started BackendApplication in 13.624 seconds (process running for 14.862)
2026-02-24 22:18:49 [http-nio-8080-exec-1] INFO  traceId= o.a.c.c.C.[Tomcat].[localhost].[/] - Initializing Spring DispatcherServlet 'dispatcherServlet'
2026-02-24 22:18:49 [http-nio-8080-exec-1] INFO  traceId= o.s.web.servlet.DispatcherServlet - Initializing Servlet 'dispatcherServlet'
2026-02-24 22:18:49 [http-nio-8080-exec-1] INFO  traceId= o.s.web.servlet.DispatcherServlet - Completed initialization in 2 ms
2026-02-24 22:18:49 [http-nio-8080-exec-1] INFO  traceId=b8ec4bfa-193e-425f-b8e5-7ea06d6ef27c c.e.b.config.RequestLoggingFilter - event=request_start method=GET uri=/api/customers ip=68.100.58.29
2026-02-24 22:18:50 [http-nio-8080-exec-1] INFO  traceId=b8ec4bfa-193e-425f-b8e5-7ea06d6ef27c c.e.b.config.RequestLoggingFilter - event=request_end method=GET uri=/api/customers status=200 duration=503ms
2026-02-24 22:19:18 [http-nio-8080-exec-2] INFO  traceId=ae426841-a0f0-43af-a579-ed52a9717619 c.e.b.config.RequestLoggingFilter - event=request_start method=GET uri=/api/customers/4 ip=68.100.58.29
2026-02-24 22:19:18 [http-nio-8080-exec-2] INFO  traceId=ae426841-a0f0-43af-a579-ed52a9717619 c.e.b.config.RequestLoggingFilter - event=request_end method=GET uri=/api/customers/4 status=200 duration=33ms
2026-02-24 22:21:57 [SpringApplicationShutdownHook] INFO  traceId= o.s.boot.tomcat.GracefulShutdown - Commencing graceful shutdown. Waiting for active requests to complete
2026-02-24 22:21:57 [tomcat-shutdown] INFO  traceId= o.s.boot.tomcat.GracefulShutdown - Graceful shutdown complete
2026-02-24 22:21:57 [SpringApplicationShutdownHook] INFO  traceId= o.s.o.j.LocalContainerEntityManagerFactoryBean - Closing JPA EntityManagerFactory for persistence unit 'default'
2026-02-24 22:21:57 [SpringApplicationShutdownHook] INFO  traceId= com.zaxxer.hikari.HikariDataSource - HikariPool-1 - Shutdown initiated...
2026-02-24 22:21:57 [SpringApplicationShutdownHook] INFO  traceId= com.zaxxer.hikari.HikariDataSource - HikariPool-1 - Shutdown completed.
2026-02-24 22:22:12 [main] INFO  traceId= c.e.backend.BackendApplicationTests - Starting BackendApplicationTests using Java 17.0.18 with PID 5516 (started by ec2-user in /home/ec2-user/backend)
2026-02-24 22:22:12 [main] INFO  traceId= c.e.backend.BackendApplicationTests - No active profile set, falling back to 1 default profile: "default"
2026-02-24 22:22:14 [main] INFO  traceId= o.s.d.r.c.RepositoryConfigurationDelegate - Bootstrapping Spring Data JPA repositories in DEFAULT mode.
2026-02-24 22:22:14 [main] INFO  traceId= o.s.d.r.c.RepositoryConfigurationDelegate - Finished Spring Data repository scanning in 102 ms. Found 5 JPA repository interfaces.
2026-02-24 22:22:15 [main] INFO  traceId= org.hibernate.orm.jpa - HHH008540: Processing PersistenceUnitInfo [name: default]
2026-02-24 22:22:15 [main] INFO  traceId= org.hibernate.orm.core - HHH000001: Hibernate ORM core version 7.2.1.Final
2026-02-24 22:22:16 [main] INFO  traceId= o.s.o.j.p.SpringPersistenceUnitInfo - No LoadTimeWeaver setup: ignoring JPA class transformer
2026-02-24 22:22:16 [main] INFO  traceId= com.zaxxer.hikari.HikariDataSource - HikariPool-1 - Starting...
2026-02-24 22:22:16 [main] INFO  traceId= com.zaxxer.hikari.pool.HikariPool - HikariPool-1 - Added connection com.mysql.cj.jdbc.ConnectionImpl@6d946eee
2026-02-24 22:22:16 [main] INFO  traceId= com.zaxxer.hikari.HikariDataSource - HikariPool-1 - Start completed.
2026-02-24 22:22:16 [main] INFO  traceId= o.hibernate.orm.connections.pooling - HHH10001005: Database info:
	Database JDBC URL [jdbc:mysql://springboot-mysql-db.cib4ieai2x7l.us-east-1.rds.amazonaws.com:3306/banking_db]
	Database driver: MySQL Connector/J
	Database dialect: MySQLDialect
	Database version: 8.4.7
	Default catalog/schema: banking_db/undefined
	Autocommit mode: undefined/unknown
	Isolation level: REPEATABLE_READ [default REPEATABLE_READ]
	JDBC fetch size: none
	Pool: DataSourceConnectionProvider
	Minimum pool size: undefined/unknown
	Maximum pool size: undefined/unknown
2026-02-24 22:22:18 [main] INFO  traceId= org.hibernate.orm.core - HHH000489: No JTA platform available (set 'hibernate.transaction.jta.platform' to enable JTA platform integration)
2026-02-24 22:22:18 [main] INFO  traceId= o.s.o.j.LocalContainerEntityManagerFactoryBean - Initialized JPA EntityManagerFactory for persistence unit 'default'
2026-02-24 22:22:19 [main] INFO  traceId= o.s.d.j.r.q.QueryEnhancerFactories - Hibernate is in classpath; If applicable, HQL parser will be used.
2026-02-24 22:22:20 [main] WARN  traceId= o.s.b.j.a.JpaBaseConfiguration$JpaWebConfiguration - spring.jpa.open-in-view is enabled by default. Therefore, database queries may be performed during view rendering. Explicitly configure spring.jpa.open-in-view to disable this warning
2026-02-24 22:22:21 [main] INFO  traceId= o.s.b.a.e.web.EndpointLinksResolver - Exposing 1 endpoint beneath base path '/actuator'
2026-02-24 22:22:21 [main] INFO  traceId= c.e.backend.BackendApplicationTests - Started BackendApplicationTests in 9.606 seconds (process running for 11.628)
2026-02-24 22:22:22 [SpringApplicationShutdownHook] INFO  traceId= o.s.o.j.LocalContainerEntityManagerFactoryBean - Closing JPA EntityManagerFactory for persistence unit 'default'
2026-02-24 22:22:22 [SpringApplicationShutdownHook] INFO  traceId= com.zaxxer.hikari.HikariDataSource - HikariPool-1 - Shutdown initiated...
2026-02-24 22:22:22 [SpringApplicationShutdownHook] INFO  traceId= com.zaxxer.hikari.HikariDataSource - HikariPool-1 - Shutdown completed.
2026-02-24 22:22:30 [main] INFO  traceId= c.example.backend.BackendApplication - Starting BackendApplication v0.0.1-SNAPSHOT using Java 17.0.18 with PID 5631 (/home/ec2-user/backend/target/backend-0.0.1-SNAPSHOT.jar started by ec2-user in /home/ec2-user/backend)
2026-02-24 22:22:30 [main] INFO  traceId= c.example.backend.BackendApplication - No active profile set, falling back to 1 default profile: "default"
2026-02-24 22:22:33 [main] INFO  traceId= o.s.d.r.c.RepositoryConfigurationDelegate - Bootstrapping Spring Data JPA repositories in DEFAULT mode.
2026-02-24 22:22:33 [main] INFO  traceId= o.s.d.r.c.RepositoryConfigurationDelegate - Finished Spring Data repository scanning in 131 ms. Found 5 JPA repository interfaces.
2026-02-24 22:22:34 [main] INFO  traceId= o.s.boot.tomcat.TomcatWebServer - Tomcat initialized with port 8080 (http)
2026-02-24 22:22:34 [main] INFO  traceId= o.a.catalina.core.StandardService - Starting service [Tomcat]
2026-02-24 22:22:34 [main] INFO  traceId= o.a.catalina.core.StandardEngine - Starting Servlet engine: [Apache Tomcat/11.0.15]
2026-02-24 22:22:34 [main] INFO  traceId= o.s.b.w.c.s.WebApplicationContextInitializer - Root WebApplicationContext: initialization completed in 3780 ms
2026-02-24 22:22:35 [main] INFO  traceId= org.hibernate.orm.jpa - HHH008540: Processing PersistenceUnitInfo [name: default]
2026-02-24 22:22:35 [main] INFO  traceId= org.hibernate.orm.core - HHH000001: Hibernate ORM core version 7.2.1.Final
2026-02-24 22:22:36 [main] INFO  traceId= o.s.o.j.p.SpringPersistenceUnitInfo - No LoadTimeWeaver setup: ignoring JPA class transformer
2026-02-24 22:22:36 [main] INFO  traceId= com.zaxxer.hikari.HikariDataSource - HikariPool-1 - Starting...
2026-02-24 22:22:37 [main] INFO  traceId= com.zaxxer.hikari.pool.HikariPool - HikariPool-1 - Added connection com.mysql.cj.jdbc.ConnectionImpl@666b91db
2026-02-24 22:22:37 [main] INFO  traceId= com.zaxxer.hikari.HikariDataSource - HikariPool-1 - Start completed.
2026-02-24 22:22:37 [main] INFO  traceId= o.hibernate.orm.connections.pooling - HHH10001005: Database info:
	Database JDBC URL [jdbc:mysql://springboot-mysql-db.cib4ieai2x7l.us-east-1.rds.amazonaws.com:3306/banking_db]
	Database driver: MySQL Connector/J
	Database dialect: MySQLDialect
	Database version: 8.4.7
	Default catalog/schema: banking_db/undefined
	Autocommit mode: undefined/unknown
	Isolation level: REPEATABLE_READ [default REPEATABLE_READ]
	JDBC fetch size: none
	Pool: DataSourceConnectionProvider
	Minimum pool size: undefined/unknown
	Maximum pool size: undefined/unknown
2026-02-24 22:22:39 [main] INFO  traceId= org.hibernate.orm.core - HHH000489: No JTA platform available (set 'hibernate.transaction.jta.platform' to enable JTA platform integration)
2026-02-24 22:22:39 [main] INFO  traceId= o.s.o.j.LocalContainerEntityManagerFactoryBean - Initialized JPA EntityManagerFactory for persistence unit 'default'
2026-02-24 22:22:39 [main] INFO  traceId= o.s.d.j.r.q.QueryEnhancerFactories - Hibernate is in classpath; If applicable, HQL parser will be used.
2026-02-24 22:22:41 [main] WARN  traceId= o.s.b.j.a.JpaBaseConfiguration$JpaWebConfiguration - spring.jpa.open-in-view is enabled by default. Therefore, database queries may be performed during view rendering. Explicitly configure spring.jpa.open-in-view to disable this warning
2026-02-24 22:22:42 [main] INFO  traceId= o.s.b.a.e.web.EndpointLinksResolver - Exposing 1 endpoint beneath base path '/actuator'
2026-02-24 22:22:42 [main] INFO  traceId= o.s.boot.tomcat.TomcatWebServer - Tomcat started on port 8080 (http) with context path '/'
2026-02-24 22:22:42 [main] INFO  traceId= c.example.backend.BackendApplication - Started BackendApplication in 13.379 seconds (process running for 14.626)
2026-02-24 22:23:00 [http-nio-8080-exec-1] INFO  traceId= o.a.c.c.C.[Tomcat].[localhost].[/] - Initializing Spring DispatcherServlet 'dispatcherServlet'
2026-02-24 22:23:00 [http-nio-8080-exec-1] INFO  traceId= o.s.web.servlet.DispatcherServlet - Initializing Servlet 'dispatcherServlet'
2026-02-24 22:23:00 [http-nio-8080-exec-1] INFO  traceId= o.s.web.servlet.DispatcherServlet - Completed initialization in 4 ms
2026-02-24 22:23:00 [http-nio-8080-exec-1] INFO  traceId=5c6a3474-2ec8-42c7-8c9d-1ffdd0d1ceb3 c.e.b.config.RequestLoggingFilter - event=request_start method=GET uri=/api/customers/4 ip=68.100.58.29
2026-02-24 22:23:00 [http-nio-8080-exec-1] INFO  traceId=5c6a3474-2ec8-42c7-8c9d-1ffdd0d1ceb3 c.e.b.config.RequestLoggingFilter - event=request_end method=GET uri=/api/customers/4 status=200 duration=411ms slow_request=false
2026-02-24 22:29:20 [http-nio-8080-exec-3] INFO  traceId=fb31a77c-42b5-4469-bc03-0b492917aeaa c.e.b.config.RequestLoggingFilter - event=request_start method=GET uri=/api/loan-request/pending ip=44.198.157.118
2026-02-24 22:29:21 [http-nio-8080-exec-3] INFO  traceId=fb31a77c-42b5-4469-bc03-0b492917aeaa c.e.b.config.RequestLoggingFilter - event=request_end method=GET uri=/api/loan-request/pending status=200 duration=646ms slow_request=false
2026-02-24 22:29:21 [http-nio-8080-exec-4] INFO  traceId=59367aa9-66ce-4677-a636-05c41566cba2 c.e.b.config.RequestLoggingFilter - event=request_start method=GET uri=/api/non-existing-loan-applications/pending ip=44.198.157.118
2026-02-24 22:29:21 [http-nio-8080-exec-4] INFO  traceId=59367aa9-66ce-4677-a636-05c41566cba2 c.e.b.config.RequestLoggingFilter - event=request_end method=GET uri=/api/non-existing-loan-applications/pending status=200 duration=15ms slow_request=false
2026-02-24 22:34:07 [http-nio-8080-exec-5] INFO  traceId=34543eb9-65db-4e0f-8e86-0164caa6f580 c.e.b.config.RequestLoggingFilter - event=request_start method=GET uri=/api/customers/30 ip=68.100.58.29
2026-02-24 22:34:07 [http-nio-8080-exec-5] WARN  traceId=34543eb9-65db-4e0f-8e86-0164caa6f580 c.e.b.config.RequestLoggingFilter - event=request_end method=GET uri=/api/customers/30 status=404 duration=30ms slow_request=false
2026-02-24 22:34:30 [SpringApplicationShutdownHook] INFO  traceId= o.s.boot.tomcat.GracefulShutdown - Commencing graceful shutdown. Waiting for active requests to complete
2026-02-24 22:34:30 [tomcat-shutdown] INFO  traceId= o.s.boot.tomcat.GracefulShutdown - Graceful shutdown complete
2026-02-24 22:34:30 [SpringApplicationShutdownHook] INFO  traceId= o.s.o.j.LocalContainerEntityManagerFactoryBean - Closing JPA EntityManagerFactory for persistence unit 'default'
2026-02-24 22:34:30 [SpringApplicationShutdownHook] INFO  traceId= com.zaxxer.hikari.HikariDataSource - HikariPool-1 - Shutdown initiated...
2026-02-24 22:34:30 [SpringApplicationShutdownHook] INFO  traceId= com.zaxxer.hikari.HikariDataSource - HikariPool-1 - Shutdown completed.
2026-02-24 22:34:44 [main] INFO  traceId= c.e.backend.BackendApplicationTests - Starting BackendApplicationTests using Java 17.0.18 with PID 6533 (started by ec2-user in /home/ec2-user/backend)
2026-02-24 22:34:44 [main] INFO  traceId= c.e.backend.BackendApplicationTests - No active profile set, falling back to 1 default profile: "default"
2026-02-24 22:34:46 [main] INFO  traceId= o.s.d.r.c.RepositoryConfigurationDelegate - Bootstrapping Spring Data JPA repositories in DEFAULT mode.
2026-02-24 22:34:46 [main] INFO  traceId= o.s.d.r.c.RepositoryConfigurationDelegate - Finished Spring Data repository scanning in 101 ms. Found 5 JPA repository interfaces.
2026-02-24 22:34:47 [main] INFO  traceId= org.hibernate.orm.jpa - HHH008540: Processing PersistenceUnitInfo [name: default]
2026-02-24 22:34:47 [main] INFO  traceId= org.hibernate.orm.core - HHH000001: Hibernate ORM core version 7.2.1.Final
2026-02-24 22:34:48 [main] INFO  traceId= o.s.o.j.p.SpringPersistenceUnitInfo - No LoadTimeWeaver setup: ignoring JPA class transformer
2026-02-24 22:34:48 [main] INFO  traceId= com.zaxxer.hikari.HikariDataSource - HikariPool-1 - Starting...
2026-02-24 22:34:48 [main] INFO  traceId= com.zaxxer.hikari.pool.HikariPool - HikariPool-1 - Added connection com.mysql.cj.jdbc.ConnectionImpl@2de96eba
2026-02-24 22:34:48 [main] INFO  traceId= com.zaxxer.hikari.HikariDataSource - HikariPool-1 - Start completed.
2026-02-24 22:34:49 [main] INFO  traceId= o.hibernate.orm.connections.pooling - HHH10001005: Database info:
	Database JDBC URL [jdbc:mysql://springboot-mysql-db.cib4ieai2x7l.us-east-1.rds.amazonaws.com:3306/banking_db]
	Database driver: MySQL Connector/J
	Database dialect: MySQLDialect
	Database version: 8.4.7
	Default catalog/schema: banking_db/undefined
	Autocommit mode: undefined/unknown
	Isolation level: REPEATABLE_READ [default REPEATABLE_READ]
	JDBC fetch size: none
	Pool: DataSourceConnectionProvider
	Minimum pool size: undefined/unknown
	Maximum pool size: undefined/unknown
2026-02-24 22:34:50 [main] INFO  traceId= org.hibernate.orm.core - HHH000489: No JTA platform available (set 'hibernate.transaction.jta.platform' to enable JTA platform integration)
2026-02-24 22:34:51 [main] INFO  traceId= o.s.o.j.LocalContainerEntityManagerFactoryBean - Initialized JPA EntityManagerFactory for persistence unit 'default'
2026-02-24 22:34:51 [main] INFO  traceId= o.s.d.j.r.q.QueryEnhancerFactories - Hibernate is in classpath; If applicable, HQL parser will be used.
2026-02-24 22:34:52 [main] WARN  traceId= o.s.b.j.a.JpaBaseConfiguration$JpaWebConfiguration - spring.jpa.open-in-view is enabled by default. Therefore, database queries may be performed during view rendering. Explicitly configure spring.jpa.open-in-view to disable this warning
2026-02-24 22:34:53 [main] INFO  traceId= o.s.b.a.e.web.EndpointLinksResolver - Exposing 1 endpoint beneath base path '/actuator'
2026-02-24 22:34:53 [main] INFO  traceId= c.e.backend.BackendApplicationTests - Started BackendApplicationTests in 9.34 seconds (process running for 10.949)
2026-02-24 22:34:54 [SpringApplicationShutdownHook] INFO  traceId= o.s.o.j.LocalContainerEntityManagerFactoryBean - Closing JPA EntityManagerFactory for persistence unit 'default'
2026-02-24 22:34:54 [SpringApplicationShutdownHook] INFO  traceId= com.zaxxer.hikari.HikariDataSource - HikariPool-1 - Shutdown initiated...
2026-02-24 22:34:54 [SpringApplicationShutdownHook] INFO  traceId= com.zaxxer.hikari.HikariDataSource - HikariPool-1 - Shutdown completed.
2026-02-24 22:35:29 [main] INFO  traceId= c.example.backend.BackendApplication - Starting BackendApplication v0.0.1-SNAPSHOT using Java 17.0.18 with PID 6666 (/home/ec2-user/backend/target/backend-0.0.1-SNAPSHOT.jar started by ec2-user in /home/ec2-user/backend)
2026-02-24 22:35:29 [main] INFO  traceId= c.example.backend.BackendApplication - No active profile set, falling back to 1 default profile: "default"
2026-02-24 22:35:32 [main] INFO  traceId= o.s.d.r.c.RepositoryConfigurationDelegate - Bootstrapping Spring Data JPA repositories in DEFAULT mode.
2026-02-24 22:35:32 [main] INFO  traceId= o.s.d.r.c.RepositoryConfigurationDelegate - Finished Spring Data repository scanning in 94 ms. Found 5 JPA repository interfaces.
2026-02-24 22:35:33 [main] INFO  traceId= o.s.boot.tomcat.TomcatWebServer - Tomcat initialized with port 8080 (http)
2026-02-24 22:35:33 [main] INFO  traceId= o.a.catalina.core.StandardService - Starting service [Tomcat]
2026-02-24 22:35:33 [main] INFO  traceId= o.a.catalina.core.StandardEngine - Starting Servlet engine: [Apache Tomcat/11.0.15]
2026-02-24 22:35:33 [main] INFO  traceId= o.s.b.w.c.s.WebApplicationContextInitializer - Root WebApplicationContext: initialization completed in 3722 ms
2026-02-24 22:35:34 [main] INFO  traceId= org.hibernate.orm.jpa - HHH008540: Processing PersistenceUnitInfo [name: default]
2026-02-24 22:35:34 [main] INFO  traceId= org.hibernate.orm.core - HHH000001: Hibernate ORM core version 7.2.1.Final
2026-02-24 22:35:35 [main] INFO  traceId= o.s.o.j.p.SpringPersistenceUnitInfo - No LoadTimeWeaver setup: ignoring JPA class transformer
2026-02-24 22:35:35 [main] INFO  traceId= com.zaxxer.hikari.HikariDataSource - HikariPool-1 - Starting...
2026-02-24 22:35:36 [main] INFO  traceId= com.zaxxer.hikari.pool.HikariPool - HikariPool-1 - Added connection com.mysql.cj.jdbc.ConnectionImpl@9cb927e
2026-02-24 22:35:36 [main] INFO  traceId= com.zaxxer.hikari.HikariDataSource - HikariPool-1 - Start completed.
2026-02-24 22:35:36 [main] INFO  traceId= o.hibernate.orm.connections.pooling - HHH10001005: Database info:
	Database JDBC URL [jdbc:mysql://springboot-mysql-db.cib4ieai2x7l.us-east-1.rds.amazonaws.com:3306/banking_db]
	Database driver: MySQL Connector/J
	Database dialect: MySQLDialect
	Database version: 8.4.7
	Default catalog/schema: banking_db/undefined
	Autocommit mode: undefined/unknown
	Isolation level: REPEATABLE_READ [default REPEATABLE_READ]
	JDBC fetch size: none
	Pool: DataSourceConnectionProvider
	Minimum pool size: undefined/unknown
	Maximum pool size: undefined/unknown
2026-02-24 22:35:38 [main] INFO  traceId= org.hibernate.orm.core - HHH000489: No JTA platform available (set 'hibernate.transaction.jta.platform' to enable JTA platform integration)
2026-02-24 22:35:38 [main] INFO  traceId= o.s.o.j.LocalContainerEntityManagerFactoryBean - Initialized JPA EntityManagerFactory for persistence unit 'default'
2026-02-24 22:35:38 [main] INFO  traceId= o.s.d.j.r.q.QueryEnhancerFactories - Hibernate is in classpath; If applicable, HQL parser will be used.
2026-02-24 22:35:40 [main] WARN  traceId= o.s.b.j.a.JpaBaseConfiguration$JpaWebConfiguration - spring.jpa.open-in-view is enabled by default. Therefore, database queries may be performed during view rendering. Explicitly configure spring.jpa.open-in-view to disable this warning
2026-02-24 22:35:41 [main] INFO  traceId= o.s.b.a.e.web.EndpointLinksResolver - Exposing 1 endpoint beneath base path '/actuator'
2026-02-24 22:35:41 [main] INFO  traceId= o.s.boot.tomcat.TomcatWebServer - Tomcat started on port 8080 (http) with context path '/'
2026-02-24 22:35:41 [main] INFO  traceId= c.example.backend.BackendApplication - Started BackendApplication in 13.327 seconds (process running for 14.586)
2026-02-24 22:36:06 [http-nio-8080-exec-1] INFO  traceId= o.a.c.c.C.[Tomcat].[localhost].[/] - Initializing Spring DispatcherServlet 'dispatcherServlet'
2026-02-24 22:36:06 [http-nio-8080-exec-1] INFO  traceId= o.s.web.servlet.DispatcherServlet - Initializing Servlet 'dispatcherServlet'
2026-02-24 22:36:06 [http-nio-8080-exec-1] INFO  traceId= o.s.web.servlet.DispatcherServlet - Completed initialization in 2 ms
2026-02-24 22:36:06 [http-nio-8080-exec-1] INFO  traceId=e5713992-0eb7-4e52-ba2b-567fb6fce0b5 c.e.b.config.RequestLoggingFilter - event=request_start method=GET uri=/api/customers/4 ip=68.100.58.29
2026-02-24 22:36:06 [http-nio-8080-exec-1] INFO  traceId=e5713992-0eb7-4e52-ba2b-567fb6fce0b5 c.e.b.config.RequestLoggingFilter - event=request_end method=GET uri=/api/customers/4 status=200 duration=215ms slow_request=false
2026-02-24 22:36:10 [http-nio-8080-exec-2] INFO  traceId=32d3f54b-b022-4828-8142-ed7595160653 c.e.b.config.RequestLoggingFilter - event=request_start method=GET uri=/api/customers/30 ip=68.100.58.29
2026-02-24 22:36:10 [http-nio-8080-exec-2] WARN  traceId=32d3f54b-b022-4828-8142-ed7595160653 c.e.b.e.GlobalExceptionHandler - event=exception type=ResourceNotFoundException message=Customer not found with id: 30
2026-02-24 22:36:10 [http-nio-8080-exec-2] WARN  traceId=32d3f54b-b022-4828-8142-ed7595160653 c.e.b.config.RequestLoggingFilter - event=request_end method=GET uri=/api/customers/30 status=404 duration=25ms slow_request=false
2026-02-24 22:43:57 [SpringApplicationShutdownHook] INFO  traceId= o.s.boot.tomcat.GracefulShutdown - Commencing graceful shutdown. Waiting for active requests to complete
2026-02-24 22:43:57 [tomcat-shutdown] INFO  traceId= o.s.boot.tomcat.GracefulShutdown - Graceful shutdown complete
2026-02-24 22:43:57 [SpringApplicationShutdownHook] INFO  traceId= o.s.o.j.LocalContainerEntityManagerFactoryBean - Closing JPA EntityManagerFactory for persistence unit 'default'
2026-02-24 22:43:57 [SpringApplicationShutdownHook] INFO  traceId= com.zaxxer.hikari.HikariDataSource - HikariPool-1 - Shutdown initiated...
2026-02-24 22:43:57 [SpringApplicationShutdownHook] INFO  traceId= com.zaxxer.hikari.HikariDataSource - HikariPool-1 - Shutdown completed.
2026-02-24 22:44:12 [main] INFO  traceId= c.e.backend.BackendApplicationTests - Starting BackendApplicationTests using Java 17.0.18 with PID 7388 (started by ec2-user in /home/ec2-user/backend)
2026-02-24 22:44:12 [main] INFO  traceId= c.e.backend.BackendApplicationTests - No active profile set, falling back to 1 default profile: "default"
2026-02-24 22:44:12 [background-preinit] INFO  traceId= o.h.validator.internal.util.Version - HV000001: Hibernate Validator 9.0.1.Final
2026-02-24 22:44:14 [main] INFO  traceId= o.s.d.r.c.RepositoryConfigurationDelegate - Bootstrapping Spring Data JPA repositories in DEFAULT mode.
2026-02-24 22:44:14 [main] INFO  traceId= o.s.d.r.c.RepositoryConfigurationDelegate - Finished Spring Data repository scanning in 96 ms. Found 5 JPA repository interfaces.
2026-02-24 22:44:15 [main] INFO  traceId= org.hibernate.orm.jpa - HHH008540: Processing PersistenceUnitInfo [name: default]
2026-02-24 22:44:15 [main] INFO  traceId= org.hibernate.orm.core - HHH000001: Hibernate ORM core version 7.2.1.Final
2026-02-24 22:44:15 [main] INFO  traceId= o.s.o.j.p.SpringPersistenceUnitInfo - No LoadTimeWeaver setup: ignoring JPA class transformer
2026-02-24 22:44:15 [main] INFO  traceId= com.zaxxer.hikari.HikariDataSource - HikariPool-1 - Starting...
2026-02-24 22:44:16 [main] INFO  traceId= com.zaxxer.hikari.pool.HikariPool - HikariPool-1 - Added connection com.mysql.cj.jdbc.ConnectionImpl@3465edf9
2026-02-24 22:44:16 [main] INFO  traceId= com.zaxxer.hikari.HikariDataSource - HikariPool-1 - Start completed.
2026-02-24 22:44:16 [main] INFO  traceId= o.hibernate.orm.connections.pooling - HHH10001005: Database info:
	Database JDBC URL [jdbc:mysql://springboot-mysql-db.cib4ieai2x7l.us-east-1.rds.amazonaws.com:3306/banking_db]
	Database driver: MySQL Connector/J
	Database dialect: MySQLDialect
	Database version: 8.4.7
	Default catalog/schema: banking_db/undefined
	Autocommit mode: undefined/unknown
	Isolation level: REPEATABLE_READ [default REPEATABLE_READ]
	JDBC fetch size: none
	Pool: DataSourceConnectionProvider
	Minimum pool size: undefined/unknown
	Maximum pool size: undefined/unknown
2026-02-24 22:44:18 [main] INFO  traceId= org.hibernate.orm.core - HHH000489: No JTA platform available (set 'hibernate.transaction.jta.platform' to enable JTA platform integration)
2026-02-24 22:44:18 [main] INFO  traceId= o.s.o.j.LocalContainerEntityManagerFactoryBean - Initialized JPA EntityManagerFactory for persistence unit 'default'
2026-02-24 22:44:18 [main] INFO  traceId= o.s.d.j.r.q.QueryEnhancerFactories - Hibernate is in classpath; If applicable, HQL parser will be used.
2026-02-24 22:44:20 [main] WARN  traceId= o.s.b.j.a.JpaBaseConfiguration$JpaWebConfiguration - spring.jpa.open-in-view is enabled by default. Therefore, database queries may be performed during view rendering. Explicitly configure spring.jpa.open-in-view to disable this warning
2026-02-24 22:44:21 [main] INFO  traceId= o.s.b.a.e.web.EndpointLinksResolver - Exposing 1 endpoint beneath base path '/actuator'
2026-02-24 22:44:21 [main] INFO  traceId= c.e.backend.BackendApplicationTests - Started BackendApplicationTests in 9.826 seconds (process running for 11.979)
2026-02-24 22:44:22 [SpringApplicationShutdownHook] INFO  traceId= o.s.o.j.LocalContainerEntityManagerFactoryBean - Closing JPA EntityManagerFactory for persistence unit 'default'
2026-02-24 22:44:22 [SpringApplicationShutdownHook] INFO  traceId= com.zaxxer.hikari.HikariDataSource - HikariPool-1 - Shutdown initiated...
2026-02-24 22:44:22 [SpringApplicationShutdownHook] INFO  traceId= com.zaxxer.hikari.HikariDataSource - HikariPool-1 - Shutdown completed.
2026-02-24 22:44:46 [main] INFO  traceId= c.example.backend.BackendApplication - Starting BackendApplication v0.0.1-SNAPSHOT using Java 17.0.18 with PID 7528 (/home/ec2-user/backend/target/backend-0.0.1-SNAPSHOT.jar started by ec2-user in /home/ec2-user/backend)
2026-02-24 22:44:46 [main] INFO  traceId= c.example.backend.BackendApplication - No active profile set, falling back to 1 default profile: "default"
2026-02-24 22:44:46 [background-preinit] INFO  traceId= o.h.validator.internal.util.Version - HV000001: Hibernate Validator 9.0.1.Final
2026-02-24 22:44:48 [main] INFO  traceId= o.s.d.r.c.RepositoryConfigurationDelegate - Bootstrapping Spring Data JPA repositories in DEFAULT mode.
2026-02-24 22:44:48 [main] INFO  traceId= o.s.d.r.c.RepositoryConfigurationDelegate - Finished Spring Data repository scanning in 108 ms. Found 5 JPA repository interfaces.
2026-02-24 22:44:49 [main] INFO  traceId= o.s.boot.tomcat.TomcatWebServer - Tomcat initialized with port 8080 (http)
2026-02-24 22:44:49 [main] INFO  traceId= o.a.coyote.http11.Http11NioProtocol - Initializing ProtocolHandler ["http-nio-8080"]
2026-02-24 22:44:49 [main] INFO  traceId= o.a.catalina.core.StandardService - Starting service [Tomcat]
2026-02-24 22:44:49 [main] INFO  traceId= o.a.catalina.core.StandardEngine - Starting Servlet engine: [Apache Tomcat/11.0.15]
2026-02-24 22:44:49 [main] INFO  traceId= o.s.b.w.c.s.WebApplicationContextInitializer - Root WebApplicationContext: initialization completed in 3430 ms
2026-02-24 22:44:50 [main] INFO  traceId= org.hibernate.orm.jpa - HHH008540: Processing PersistenceUnitInfo [name: default]
2026-02-24 22:44:50 [main] INFO  traceId= org.hibernate.orm.core - HHH000001: Hibernate ORM core version 7.2.1.Final
2026-02-24 22:44:51 [main] INFO  traceId= o.s.o.j.p.SpringPersistenceUnitInfo - No LoadTimeWeaver setup: ignoring JPA class transformer
2026-02-24 22:44:51 [main] INFO  traceId= com.zaxxer.hikari.HikariDataSource - HikariPool-1 - Starting...
2026-02-24 22:44:52 [main] INFO  traceId= com.zaxxer.hikari.pool.HikariPool - HikariPool-1 - Added connection com.mysql.cj.jdbc.ConnectionImpl@7d483ebe
2026-02-24 22:44:52 [main] INFO  traceId= com.zaxxer.hikari.HikariDataSource - HikariPool-1 - Start completed.
2026-02-24 22:44:52 [main] INFO  traceId= o.hibernate.orm.connections.pooling - HHH10001005: Database info:
	Database JDBC URL [jdbc:mysql://springboot-mysql-db.cib4ieai2x7l.us-east-1.rds.amazonaws.com:3306/banking_db]
	Database driver: MySQL Connector/J
	Database dialect: MySQLDialect
	Database version: 8.4.7
	Default catalog/schema: banking_db/undefined
	Autocommit mode: undefined/unknown
	Isolation level: REPEATABLE_READ [default REPEATABLE_READ]
	JDBC fetch size: none
	Pool: DataSourceConnectionProvider
	Minimum pool size: undefined/unknown
	Maximum pool size: undefined/unknown
2026-02-24 22:44:54 [main] INFO  traceId= org.hibernate.orm.core - HHH000489: No JTA platform available (set 'hibernate.transaction.jta.platform' to enable JTA platform integration)
2026-02-24 22:44:54 [main] INFO  traceId= o.s.o.j.LocalContainerEntityManagerFactoryBean - Initialized JPA EntityManagerFactory for persistence unit 'default'
2026-02-24 22:44:55 [main] INFO  traceId= o.s.d.j.r.q.QueryEnhancerFactories - Hibernate is in classpath; If applicable, HQL parser will be used.
2026-02-24 22:44:56 [main] WARN  traceId= o.s.b.j.a.JpaBaseConfiguration$JpaWebConfiguration - spring.jpa.open-in-view is enabled by default. Therefore, database queries may be performed during view rendering. Explicitly configure spring.jpa.open-in-view to disable this warning
2026-02-24 22:44:57 [main] INFO  traceId= o.s.b.a.e.web.EndpointLinksResolver - Exposing 1 endpoint beneath base path '/actuator'
2026-02-24 22:44:57 [main] INFO  traceId= o.a.coyote.http11.Http11NioProtocol - Starting ProtocolHandler ["http-nio-8080"]
2026-02-24 22:44:57 [main] INFO  traceId= o.s.boot.tomcat.TomcatWebServer - Tomcat started on port 8080 (http) with context path '/'
2026-02-24 22:44:57 [main] INFO  traceId= c.example.backend.BackendApplication - Started BackendApplication in 13.316 seconds (process running for 14.626)
2026-02-24 22:46:06 [SpringApplicationShutdownHook] INFO  traceId= o.s.boot.tomcat.GracefulShutdown - Commencing graceful shutdown. Waiting for active requests to complete
2026-02-24 22:46:06 [tomcat-shutdown] INFO  traceId= o.s.boot.tomcat.GracefulShutdown - Graceful shutdown complete
2026-02-24 22:46:06 [SpringApplicationShutdownHook] INFO  traceId= o.s.o.j.LocalContainerEntityManagerFactoryBean - Closing JPA EntityManagerFactory for persistence unit 'default'
2026-02-24 22:46:06 [SpringApplicationShutdownHook] INFO  traceId= com.zaxxer.hikari.HikariDataSource - HikariPool-1 - Shutdown initiated...
2026-02-24 22:46:06 [SpringApplicationShutdownHook] INFO  traceId= com.zaxxer.hikari.HikariDataSource - HikariPool-1 - Shutdown completed.
2026-02-24 22:46:25 [main] INFO  traceId= c.e.backend.BackendApplicationTests - Starting BackendApplicationTests using Java 17.0.18 with PID 8075 (started by ec2-user in /home/ec2-user/backend)
2026-02-24 22:46:25 [main] INFO  traceId= c.e.backend.BackendApplicationTests - No active profile set, falling back to 1 default profile: "default"
2026-02-24 22:46:26 [background-preinit] INFO  traceId= o.h.validator.internal.util.Version - HV000001: Hibernate Validator 9.0.1.Final
2026-02-24 22:46:27 [main] INFO  traceId= o.s.d.r.c.RepositoryConfigurationDelegate - Bootstrapping Spring Data JPA repositories in DEFAULT mode.
2026-02-24 22:46:27 [main] INFO  traceId= o.s.d.r.c.RepositoryConfigurationDelegate - Finished Spring Data repository scanning in 101 ms. Found 5 JPA repository interfaces.
2026-02-24 22:46:28 [main] INFO  traceId= org.hibernate.orm.jpa - HHH008540: Processing PersistenceUnitInfo [name: default]
2026-02-24 22:46:28 [main] INFO  traceId= org.hibernate.orm.core - HHH000001: Hibernate ORM core version 7.2.1.Final
2026-02-24 22:46:29 [main] INFO  traceId= o.s.o.j.p.SpringPersistenceUnitInfo - No LoadTimeWeaver setup: ignoring JPA class transformer
2026-02-24 22:46:29 [main] INFO  traceId= com.zaxxer.hikari.HikariDataSource - HikariPool-1 - Starting...
2026-02-24 22:46:29 [main] INFO  traceId= com.zaxxer.hikari.pool.HikariPool - HikariPool-1 - Added connection com.mysql.cj.jdbc.ConnectionImpl@5daa621b
2026-02-24 22:46:29 [main] INFO  traceId= com.zaxxer.hikari.HikariDataSource - HikariPool-1 - Start completed.
2026-02-24 22:46:29 [main] INFO  traceId= o.hibernate.orm.connections.pooling - HHH10001005: Database info:
	Database JDBC URL [jdbc:mysql://springboot-mysql-db.cib4ieai2x7l.us-east-1.rds.amazonaws.com:3306/banking_db]
	Database driver: MySQL Connector/J
	Database dialect: MySQLDialect
	Database version: 8.4.7
	Default catalog/schema: banking_db/undefined
	Autocommit mode: undefined/unknown
	Isolation level: REPEATABLE_READ [default REPEATABLE_READ]
	JDBC fetch size: none
	Pool: DataSourceConnectionProvider
	Minimum pool size: undefined/unknown
	Maximum pool size: undefined/unknown
2026-02-24 22:46:31 [main] INFO  traceId= org.hibernate.orm.core - HHH000489: No JTA platform available (set 'hibernate.transaction.jta.platform' to enable JTA platform integration)
2026-02-24 22:46:32 [main] INFO  traceId= o.s.o.j.LocalContainerEntityManagerFactoryBean - Initialized JPA EntityManagerFactory for persistence unit 'default'
2026-02-24 22:46:32 [main] INFO  traceId= o.s.d.j.r.q.QueryEnhancerFactories - Hibernate is in classpath; If applicable, HQL parser will be used.
2026-02-24 22:46:33 [main] WARN  traceId= o.s.b.j.a.JpaBaseConfiguration$JpaWebConfiguration - spring.jpa.open-in-view is enabled by default. Therefore, database queries may be performed during view rendering. Explicitly configure spring.jpa.open-in-view to disable this warning
2026-02-24 22:46:34 [main] INFO  traceId= o.s.b.a.e.web.EndpointLinksResolver - Exposing 1 endpoint beneath base path '/actuator'
2026-02-24 22:46:34 [main] INFO  traceId= c.e.backend.BackendApplicationTests - Started BackendApplicationTests in 9.817 seconds (process running for 11.818)
2026-02-24 22:46:35 [SpringApplicationShutdownHook] INFO  traceId= o.s.o.j.LocalContainerEntityManagerFactoryBean - Closing JPA EntityManagerFactory for persistence unit 'default'
2026-02-24 22:46:35 [SpringApplicationShutdownHook] INFO  traceId= com.zaxxer.hikari.HikariDataSource - HikariPool-1 - Shutdown initiated...
2026-02-24 22:46:35 [SpringApplicationShutdownHook] INFO  traceId= com.zaxxer.hikari.HikariDataSource - HikariPool-1 - Shutdown completed.
2026-02-24 22:46:44 [main] INFO  traceId= c.example.backend.BackendApplication - Starting BackendApplication v0.0.1-SNAPSHOT using Java 17.0.18 with PID 8197 (/home/ec2-user/backend/target/backend-0.0.1-SNAPSHOT.jar started by ec2-user in /home/ec2-user/backend)
2026-02-24 22:46:44 [main] INFO  traceId= c.example.backend.BackendApplication - No active profile set, falling back to 1 default profile: "default"
2026-02-24 22:46:45 [background-preinit] INFO  traceId= o.h.validator.internal.util.Version - HV000001: Hibernate Validator 9.0.1.Final
2026-02-24 22:46:47 [main] INFO  traceId= o.s.d.r.c.RepositoryConfigurationDelegate - Bootstrapping Spring Data JPA repositories in DEFAULT mode.
2026-02-24 22:46:47 [main] INFO  traceId= o.s.d.r.c.RepositoryConfigurationDelegate - Finished Spring Data repository scanning in 133 ms. Found 5 JPA repository interfaces.
2026-02-24 22:46:48 [main] INFO  traceId= o.s.boot.tomcat.TomcatWebServer - Tomcat initialized with port 8080 (http)
2026-02-24 22:46:48 [main] INFO  traceId= o.a.coyote.http11.Http11NioProtocol - Initializing ProtocolHandler ["http-nio-8080"]
2026-02-24 22:46:48 [main] INFO  traceId= o.a.catalina.core.StandardService - Starting service [Tomcat]
2026-02-24 22:46:48 [main] INFO  traceId= o.a.catalina.core.StandardEngine - Starting Servlet engine: [Apache Tomcat/11.0.15]
2026-02-24 22:46:48 [main] INFO  traceId= o.s.b.w.c.s.WebApplicationContextInitializer - Root WebApplicationContext: initialization completed in 3380 ms
2026-02-24 22:46:48 [main] INFO  traceId= org.hibernate.orm.jpa - HHH008540: Processing PersistenceUnitInfo [name: default]
2026-02-24 22:46:49 [main] INFO  traceId= org.hibernate.orm.core - HHH000001: Hibernate ORM core version 7.2.1.Final
2026-02-24 22:46:50 [main] INFO  traceId= o.s.o.j.p.SpringPersistenceUnitInfo - No LoadTimeWeaver setup: ignoring JPA class transformer
2026-02-24 22:46:50 [main] INFO  traceId= com.zaxxer.hikari.HikariDataSource - HikariPool-1 - Starting...
2026-02-24 22:46:50 [main] INFO  traceId= com.zaxxer.hikari.pool.HikariPool - HikariPool-1 - Added connection com.mysql.cj.jdbc.ConnectionImpl@21ba0d33
2026-02-24 22:46:50 [main] INFO  traceId= com.zaxxer.hikari.HikariDataSource - HikariPool-1 - Start completed.
2026-02-24 22:46:51 [main] INFO  traceId= o.hibernate.orm.connections.pooling - HHH10001005: Database info:
	Database JDBC URL [jdbc:mysql://springboot-mysql-db.cib4ieai2x7l.us-east-1.rds.amazonaws.com:3306/banking_db]
	Database driver: MySQL Connector/J
	Database dialect: MySQLDialect
	Database version: 8.4.7
	Default catalog/schema: banking_db/undefined
	Autocommit mode: undefined/unknown
	Isolation level: REPEATABLE_READ [default REPEATABLE_READ]
	JDBC fetch size: none
	Pool: DataSourceConnectionProvider
	Minimum pool size: undefined/unknown
	Maximum pool size: undefined/unknown
2026-02-24 22:46:53 [main] INFO  traceId= org.hibernate.orm.core - HHH000489: No JTA platform available (set 'hibernate.transaction.jta.platform' to enable JTA platform integration)
2026-02-24 22:46:53 [main] INFO  traceId= o.s.o.j.LocalContainerEntityManagerFactoryBean - Initialized JPA EntityManagerFactory for persistence unit 'default'
2026-02-24 22:46:53 [main] INFO  traceId= o.s.d.j.r.q.QueryEnhancerFactories - Hibernate is in classpath; If applicable, HQL parser will be used.
2026-02-24 22:46:55 [main] WARN  traceId= o.s.b.j.a.JpaBaseConfiguration$JpaWebConfiguration - spring.jpa.open-in-view is enabled by default. Therefore, database queries may be performed during view rendering. Explicitly configure spring.jpa.open-in-view to disable this warning
2026-02-24 22:46:56 [main] INFO  traceId= o.s.b.a.e.web.EndpointLinksResolver - Exposing 1 endpoint beneath base path '/actuator'
2026-02-24 22:46:56 [main] INFO  traceId= o.a.coyote.http11.Http11NioProtocol - Starting ProtocolHandler ["http-nio-8080"]
2026-02-24 22:46:56 [main] INFO  traceId= o.s.boot.tomcat.TomcatWebServer - Tomcat started on port 8080 (http) with context path '/'
2026-02-24 22:46:56 [main] INFO  traceId= c.example.backend.BackendApplication - Started BackendApplication in 13.281 seconds (process running for 14.194)
2026-02-24 22:55:36 [SpringApplicationShutdownHook] INFO  traceId= o.s.boot.tomcat.GracefulShutdown - Commencing graceful shutdown. Waiting for active requests to complete
2026-02-24 22:55:36 [tomcat-shutdown] INFO  traceId= o.s.boot.tomcat.GracefulShutdown - Graceful shutdown complete
2026-02-24 22:55:36 [SpringApplicationShutdownHook] INFO  traceId= o.s.o.j.LocalContainerEntityManagerFactoryBean - Closing JPA EntityManagerFactory for persistence unit 'default'
2026-02-24 22:55:36 [SpringApplicationShutdownHook] INFO  traceId= com.zaxxer.hikari.HikariDataSource - HikariPool-1 - Shutdown initiated...
2026-02-24 22:55:36 [SpringApplicationShutdownHook] INFO  traceId= com.zaxxer.hikari.HikariDataSource - HikariPool-1 - Shutdown completed.
{"@timestamp":"2026-02-24T23:00:45.895296868Z","@version":"1","message":"Starting BackendApplicationTests using Java 17.0.18 with PID 9947 (started by ec2-user in /home/ec2-user/backend)","logger_name":"com.example.backend.BackendApplicationTests","thread_name":"main","level":"INFO","level_value":20000,"tags":["COMMONS-LOGGING"]}
{"@timestamp":"2026-02-24T23:00:45.922026229Z","@version":"1","message":"No active profile set, falling back to 1 default profile: \"default\"","logger_name":"com.example.backend.BackendApplicationTests","thread_name":"main","level":"INFO","level_value":20000,"tags":["COMMONS-LOGGING"]}
{"@timestamp":"2026-02-24T23:00:46.365764083Z","@version":"1","message":"HV000001: Hibernate Validator 9.0.1.Final","logger_name":"org.hibernate.validator.internal.util.Version","thread_name":"background-preinit","level":"INFO","level_value":20000}
{"@timestamp":"2026-02-24T23:00:47.67926988Z","@version":"1","message":"Bootstrapping Spring Data JPA repositories in DEFAULT mode.","logger_name":"org.springframework.data.repository.config.RepositoryConfigurationDelegate","thread_name":"main","level":"INFO","level_value":20000,"tags":["COMMONS-LOGGING"]}
{"@timestamp":"2026-02-24T23:00:47.79379457Z","@version":"1","message":"Finished Spring Data repository scanning in 98 ms. Found 5 JPA repository interfaces.","logger_name":"org.springframework.data.repository.config.RepositoryConfigurationDelegate","thread_name":"main","level":"INFO","level_value":20000,"tags":["COMMONS-LOGGING"]}
{"@timestamp":"2026-02-24T23:00:48.659431744Z","@version":"1","message":"HHH008540: Processing PersistenceUnitInfo [name: default]","logger_name":"org.hibernate.orm.jpa","thread_name":"main","level":"INFO","level_value":20000}
{"@timestamp":"2026-02-24T23:00:48.72922686Z","@version":"1","message":"HHH000001: Hibernate ORM core version 7.2.1.Final","logger_name":"org.hibernate.orm.core","thread_name":"main","level":"INFO","level_value":20000}
{"@timestamp":"2026-02-24T23:00:49.373534632Z","@version":"1","message":"No LoadTimeWeaver setup: ignoring JPA class transformer","logger_name":"org.springframework.orm.jpa.persistenceunit.SpringPersistenceUnitInfo","thread_name":"main","level":"INFO","level_value":20000,"tags":["COMMONS-LOGGING"]}
{"@timestamp":"2026-02-24T23:00:49.420155304Z","@version":"1","message":"HikariPool-1 - Starting...","logger_name":"com.zaxxer.hikari.HikariDataSource","thread_name":"main","level":"INFO","level_value":20000}
{"@timestamp":"2026-02-24T23:00:50.035455876Z","@version":"1","message":"HikariPool-1 - Added connection com.mysql.cj.jdbc.ConnectionImpl@18301763","logger_name":"com.zaxxer.hikari.pool.HikariPool","thread_name":"main","level":"INFO","level_value":20000}
{"@timestamp":"2026-02-24T23:00:50.038350103Z","@version":"1","message":"HikariPool-1 - Start completed.","logger_name":"com.zaxxer.hikari.HikariDataSource","thread_name":"main","level":"INFO","level_value":20000}
{"@timestamp":"2026-02-24T23:00:50.168324343Z","@version":"1","message":"HHH10001005: Database info:\n\tDatabase JDBC URL [jdbc:mysql://springboot-mysql-db.cib4ieai2x7l.us-east-1.rds.amazonaws.com:3306/banking_db]\n\tDatabase driver: MySQL Connector/J\n\tDatabase dialect: MySQLDialect\n\tDatabase version: 8.4.7\n\tDefault catalog/schema: banking_db/undefined\n\tAutocommit mode: undefined/unknown\n\tIsolation level: REPEATABLE_READ [default REPEATABLE_READ]\n\tJDBC fetch size: none\n\tPool: DataSourceConnectionProvider\n\tMinimum pool size: undefined/unknown\n\tMaximum pool size: undefined/unknown","logger_name":"org.hibernate.orm.connections.pooling","thread_name":"main","level":"INFO","level_value":20000}
{"@timestamp":"2026-02-24T23:00:51.76137038Z","@version":"1","message":"HHH000489: No JTA platform available (set 'hibernate.transaction.jta.platform' to enable JTA platform integration)","logger_name":"org.hibernate.orm.core","thread_name":"main","level":"INFO","level_value":20000}
{"@timestamp":"2026-02-24T23:00:51.902518818Z","@version":"1","message":"Initialized JPA EntityManagerFactory for persistence unit 'default'","logger_name":"org.springframework.orm.jpa.LocalContainerEntityManagerFactoryBean","thread_name":"main","level":"INFO","level_value":20000,"tags":["COMMONS-LOGGING"]}
{"@timestamp":"2026-02-24T23:00:52.0556231Z","@version":"1","message":"Hibernate is in classpath; If applicable, HQL parser will be used.","logger_name":"org.springframework.data.jpa.repository.query.QueryEnhancerFactories","thread_name":"main","level":"INFO","level_value":20000,"tags":["COMMONS-LOGGING"]}
{"@timestamp":"2026-02-24T23:00:53.346253327Z","@version":"1","message":"spring.jpa.open-in-view is enabled by default. Therefore, database queries may be performed during view rendering. Explicitly configure spring.jpa.open-in-view to disable this warning","logger_name":"org.springframework.boot.jpa.autoconfigure.JpaBaseConfiguration$JpaWebConfiguration","thread_name":"main","level":"WARN","level_value":30000,"tags":["COMMONS-LOGGING"]}
{"@timestamp":"2026-02-24T23:00:54.54359694Z","@version":"1","message":"Exposing 1 endpoint beneath base path '/actuator'","logger_name":"org.springframework.boot.actuate.endpoint.web.EndpointLinksResolver","thread_name":"main","level":"INFO","level_value":20000,"tags":["COMMONS-LOGGING"]}
{"@timestamp":"2026-02-24T23:00:54.669858802Z","@version":"1","message":"Started BackendApplicationTests in 9.71 seconds (process running for 11.756)","logger_name":"com.example.backend.BackendApplicationTests","thread_name":"main","level":"INFO","level_value":20000,"tags":["COMMONS-LOGGING"]}
{"@timestamp":"2026-02-24T23:00:55.552995835Z","@version":"1","message":"Closing JPA EntityManagerFactory for persistence unit 'default'","logger_name":"org.springframework.orm.jpa.LocalContainerEntityManagerFactoryBean","thread_name":"SpringApplicationShutdownHook","level":"INFO","level_value":20000,"tags":["COMMONS-LOGGING"]}
{"@timestamp":"2026-02-24T23:00:55.557320442Z","@version":"1","message":"HikariPool-1 - Shutdown initiated...","logger_name":"com.zaxxer.hikari.HikariDataSource","thread_name":"SpringApplicationShutdownHook","level":"INFO","level_value":20000}
{"@timestamp":"2026-02-24T23:00:55.57729922Z","@version":"1","message":"HikariPool-1 - Shutdown completed.","logger_name":"com.zaxxer.hikari.HikariDataSource","thread_name":"SpringApplicationShutdownHook","level":"INFO","level_value":20000}
{"@timestamp":"2026-02-24T23:01:15.22641622Z","@version":"1","message":"Starting BackendApplication v0.0.1-SNAPSHOT using Java 17.0.18 with PID 10080 (/home/ec2-user/backend/target/backend-0.0.1-SNAPSHOT.jar started by ec2-user in /home/ec2-user/backend)","logger_name":"com.example.backend.BackendApplication","thread_name":"main","level":"INFO","level_value":20000,"tags":["COMMONS-LOGGING"]}
{"@timestamp":"2026-02-24T23:01:15.275630106Z","@version":"1","message":"No active profile set, falling back to 1 default profile: \"default\"","logger_name":"com.example.backend.BackendApplication","thread_name":"main","level":"INFO","level_value":20000,"tags":["COMMONS-LOGGING"]}
{"@timestamp":"2026-02-24T23:01:15.569695945Z","@version":"1","message":"HV000001: Hibernate Validator 9.0.1.Final","logger_name":"org.hibernate.validator.internal.util.Version","thread_name":"background-preinit","level":"INFO","level_value":20000}
{"@timestamp":"2026-02-24T23:01:17.132251084Z","@version":"1","message":"Bootstrapping Spring Data JPA repositories in DEFAULT mode.","logger_name":"org.springframework.data.repository.config.RepositoryConfigurationDelegate","thread_name":"main","level":"INFO","level_value":20000,"tags":["COMMONS-LOGGING"]}
{"@timestamp":"2026-02-24T23:01:17.260390775Z","@version":"1","message":"Finished Spring Data repository scanning in 109 ms. Found 5 JPA repository interfaces.","logger_name":"org.springframework.data.repository.config.RepositoryConfigurationDelegate","thread_name":"main","level":"INFO","level_value":20000,"tags":["COMMONS-LOGGING"]}
{"@timestamp":"2026-02-24T23:01:18.55612858Z","@version":"1","message":"Tomcat initialized with port 8080 (http)","logger_name":"org.springframework.boot.tomcat.TomcatWebServer","thread_name":"main","level":"INFO","level_value":20000,"tags":["COMMONS-LOGGING"]}
{"@timestamp":"2026-02-24T23:01:18.573056312Z","@version":"1","message":"Initializing ProtocolHandler [\"http-nio-8080\"]","logger_name":"org.apache.coyote.http11.Http11NioProtocol","thread_name":"main","level":"INFO","level_value":20000}
{"@timestamp":"2026-02-24T23:01:18.577712935Z","@version":"1","message":"Starting service [Tomcat]","logger_name":"org.apache.catalina.core.StandardService","thread_name":"main","level":"INFO","level_value":20000}
{"@timestamp":"2026-02-24T23:01:18.579046202Z","@version":"1","message":"Starting Servlet engine: [Apache Tomcat/11.0.15]","logger_name":"org.apache.catalina.core.StandardEngine","thread_name":"main","level":"INFO","level_value":20000}
{"@timestamp":"2026-02-24T23:01:18.638726497Z","@version":"1","message":"Root WebApplicationContext: initialization completed in 3160 ms","logger_name":"org.springframework.boot.web.context.servlet.WebApplicationContextInitializer","thread_name":"main","level":"INFO","level_value":20000,"tags":["COMMONS-LOGGING"]}
{"@timestamp":"2026-02-24T23:01:19.118086343Z","@version":"1","message":"HHH008540: Processing PersistenceUnitInfo [name: default]","logger_name":"org.hibernate.orm.jpa","thread_name":"main","level":"INFO","level_value":20000}
{"@timestamp":"2026-02-24T23:01:19.227857644Z","@version":"1","message":"HHH000001: Hibernate ORM core version 7.2.1.Final","logger_name":"org.hibernate.orm.core","thread_name":"main","level":"INFO","level_value":20000}
{"@timestamp":"2026-02-24T23:01:20.206523103Z","@version":"1","message":"No LoadTimeWeaver setup: ignoring JPA class transformer","logger_name":"org.springframework.orm.jpa.persistenceunit.SpringPersistenceUnitInfo","thread_name":"main","level":"INFO","level_value":20000,"tags":["COMMONS-LOGGING"]}
{"@timestamp":"2026-02-24T23:01:20.265299845Z","@version":"1","message":"HikariPool-1 - Starting...","logger_name":"com.zaxxer.hikari.HikariDataSource","thread_name":"main","level":"INFO","level_value":20000}
{"@timestamp":"2026-02-24T23:01:20.886160656Z","@version":"1","message":"HikariPool-1 - Added connection com.mysql.cj.jdbc.ConnectionImpl@6296e4bf","logger_name":"com.zaxxer.hikari.pool.HikariPool","thread_name":"main","level":"INFO","level_value":20000}
{"@timestamp":"2026-02-24T23:01:20.890404766Z","@version":"1","message":"HikariPool-1 - Start completed.","logger_name":"com.zaxxer.hikari.HikariDataSource","thread_name":"main","level":"INFO","level_value":20000}
{"@timestamp":"2026-02-24T23:01:21.155892018Z","@version":"1","message":"HHH10001005: Database info:\n\tDatabase JDBC URL [jdbc:mysql://springboot-mysql-db.cib4ieai2x7l.us-east-1.rds.amazonaws.com:3306/banking_db]\n\tDatabase driver: MySQL Connector/J\n\tDatabase dialect: MySQLDialect\n\tDatabase version: 8.4.7\n\tDefault catalog/schema: banking_db/undefined\n\tAutocommit mode: undefined/unknown\n\tIsolation level: REPEATABLE_READ [default REPEATABLE_READ]\n\tJDBC fetch size: none\n\tPool: DataSourceConnectionProvider\n\tMinimum pool size: undefined/unknown\n\tMaximum pool size: undefined/unknown","logger_name":"org.hibernate.orm.connections.pooling","thread_name":"main","level":"INFO","level_value":20000}
{"@timestamp":"2026-02-24T23:01:23.147228637Z","@version":"1","message":"HHH000489: No JTA platform available (set 'hibernate.transaction.jta.platform' to enable JTA platform integration)","logger_name":"org.hibernate.orm.core","thread_name":"main","level":"INFO","level_value":20000}
{"@timestamp":"2026-02-24T23:01:23.300848233Z","@version":"1","message":"Initialized JPA EntityManagerFactory for persistence unit 'default'","logger_name":"org.springframework.orm.jpa.LocalContainerEntityManagerFactoryBean","thread_name":"main","level":"INFO","level_value":20000,"tags":["COMMONS-LOGGING"]}
{"@timestamp":"2026-02-24T23:01:23.468675831Z","@version":"1","message":"Hibernate is in classpath; If applicable, HQL parser will be used.","logger_name":"org.springframework.data.jpa.repository.query.QueryEnhancerFactories","thread_name":"main","level":"INFO","level_value":20000,"tags":["COMMONS-LOGGING"]}
{"@timestamp":"2026-02-24T23:01:24.921778617Z","@version":"1","message":"spring.jpa.open-in-view is enabled by default. Therefore, database queries may be performed during view rendering. Explicitly configure spring.jpa.open-in-view to disable this warning","logger_name":"org.springframework.boot.jpa.autoconfigure.JpaBaseConfiguration$JpaWebConfiguration","thread_name":"main","level":"WARN","level_value":30000,"tags":["COMMONS-LOGGING"]}
{"@timestamp":"2026-02-24T23:01:25.883898527Z","@version":"1","message":"Exposing 1 endpoint beneath base path '/actuator'","logger_name":"org.springframework.boot.actuate.endpoint.web.EndpointLinksResolver","thread_name":"main","level":"INFO","level_value":20000,"tags":["COMMONS-LOGGING"]}
{"@timestamp":"2026-02-24T23:01:26.004113198Z","@version":"1","message":"Starting ProtocolHandler [\"http-nio-8080\"]","logger_name":"org.apache.coyote.http11.Http11NioProtocol","thread_name":"main","level":"INFO","level_value":20000}
{"@timestamp":"2026-02-24T23:01:26.027417715Z","@version":"1","message":"Tomcat started on port 8080 (http) with context path '/'","logger_name":"org.springframework.boot.tomcat.TomcatWebServer","thread_name":"main","level":"INFO","level_value":20000,"tags":["COMMONS-LOGGING"]}
{"@timestamp":"2026-02-24T23:01:26.045804146Z","@version":"1","message":"Started BackendApplication in 12.792 seconds (process running for 14.017)","logger_name":"com.example.backend.BackendApplication","thread_name":"main","level":"INFO","level_value":20000,"tags":["COMMONS-LOGGING"]}
{"@timestamp":"2026-02-24T23:03:34.024764041Z","@version":"1","message":"Initializing Spring DispatcherServlet 'dispatcherServlet'","logger_name":"org.apache.catalina.core.ContainerBase.[Tomcat].[localhost].[/]","thread_name":"http-nio-8080-exec-1","level":"INFO","level_value":20000}
{"@timestamp":"2026-02-24T23:03:34.025686795Z","@version":"1","message":"Initializing Servlet 'dispatcherServlet'","logger_name":"org.springframework.web.servlet.DispatcherServlet","thread_name":"http-nio-8080-exec-1","level":"INFO","level_value":20000,"tags":["COMMONS-LOGGING"]}
{"@timestamp":"2026-02-24T23:03:34.02877555Z","@version":"1","message":"Completed initialization in 3 ms","logger_name":"org.springframework.web.servlet.DispatcherServlet","thread_name":"http-nio-8080-exec-1","level":"INFO","level_value":20000,"tags":["COMMONS-LOGGING"]}
{"@timestamp":"2026-02-24T23:03:34.052517411Z","@version":"1","message":"event=request_start method=GET uri=/api/customers/4 ip=68.100.58.29","logger_name":"com.example.backend.config.RequestLoggingFilter","thread_name":"http-nio-8080-exec-1","level":"INFO","level_value":20000,"traceId":"9a5c025c-cafc-46b9-8510-7936c12fa558"}
{"@timestamp":"2026-02-24T23:03:34.35621644Z","@version":"1","message":"event=request_end method=GET uri=/api/customers/4 status=200 duration=304ms slow_request=false","logger_name":"com.example.backend.config.RequestLoggingFilter","thread_name":"http-nio-8080-exec-1","level":"INFO","level_value":20000,"traceId":"9a5c025c-cafc-46b9-8510-7936c12fa558"}
{"@timestamp":"2026-02-24T23:14:20.606582043Z","@version":"1","message":"event=request_start method=GET uri=/api/loan-request/pending ip=54.211.86.37","logger_name":"com.example.backend.config.RequestLoggingFilter","thread_name":"http-nio-8080-exec-3","level":"INFO","level_value":20000,"traceId":"daa29465-e45b-4845-b3b5-eec4ca12f907"}
{"@timestamp":"2026-02-24T23:14:21.285062447Z","@version":"1","message":"event=request_end method=GET uri=/api/loan-request/pending status=200 duration=679ms slow_request=false","logger_name":"com.example.backend.config.RequestLoggingFilter","thread_name":"http-nio-8080-exec-3","level":"INFO","level_value":20000,"traceId":"daa29465-e45b-4845-b3b5-eec4ca12f907"}
{"@timestamp":"2026-02-24T23:14:21.28996428Z","@version":"1","message":"event=request_start method=GET uri=/api/non-existing-loan-applications/pending ip=54.211.86.37","logger_name":"com.example.backend.config.RequestLoggingFilter","thread_name":"http-nio-8080-exec-4","level":"INFO","level_value":20000,"traceId":"ac1fe983-44cf-484e-8678-34caa39f1f4b"}
{"@timestamp":"2026-02-24T23:14:21.304429147Z","@version":"1","message":"event=request_end method=GET uri=/api/non-existing-loan-applications/pending status=200 duration=15ms slow_request=false","logger_name":"com.example.backend.config.RequestLoggingFilter","thread_name":"http-nio-8080-exec-4","level":"INFO","level_value":20000,"traceId":"ac1fe983-44cf-484e-8678-34caa39f1f4b"}
{"@timestamp":"2026-02-24T23:29:20.527799545Z","@version":"1","message":"event=request_start method=GET uri=/api/loan-request/pending ip=3.235.63.110","logger_name":"com.example.backend.config.RequestLoggingFilter","thread_name":"http-nio-8080-exec-5","level":"INFO","level_value":20000,"traceId":"36eeffc7-e6da-4f40-9255-785da7d33e85"}
{"@timestamp":"2026-02-24T23:29:20.539944346Z","@version":"1","message":"event=request_end method=GET uri=/api/loan-request/pending status=200 duration=12ms slow_request=false","logger_name":"com.example.backend.config.RequestLoggingFilter","thread_name":"http-nio-8080-exec-5","level":"INFO","level_value":20000,"traceId":"36eeffc7-e6da-4f40-9255-785da7d33e85"}
{"@timestamp":"2026-02-24T23:29:20.548723177Z","@version":"1","message":"event=request_start method=GET uri=/api/non-existing-loan-applications/pending ip=3.235.63.110","logger_name":"com.example.backend.config.RequestLoggingFilter","thread_name":"http-nio-8080-exec-6","level":"INFO","level_value":20000,"traceId":"bc57b76c-a639-4cea-8acc-c64152144053"}
{"@timestamp":"2026-02-24T23:29:20.55773446Z","@version":"1","message":"event=request_end method=GET uri=/api/non-existing-loan-applications/pending status=200 duration=9ms slow_request=false","logger_name":"com.example.backend.config.RequestLoggingFilter","thread_name":"http-nio-8080-exec-6","level":"INFO","level_value":20000,"traceId":"bc57b76c-a639-4cea-8acc-c64152144053"}
{"@timestamp":"2026-02-24T23:33:25.346345111Z","@version":"1","message":"event=request_start method=GET uri=/login ip=141.98.11.168","logger_name":"com.example.backend.config.RequestLoggingFilter","thread_name":"http-nio-8080-exec-7","level":"INFO","level_value":20000,"traceId":"6bb77cd4-5492-4312-b5a9-a07e83e129e6"}
{"@timestamp":"2026-02-24T23:33:25.353268611Z","@version":"1","message":"event=exception type=NoResourceFoundException message=No static resource login for request '/login'.","logger_name":"com.example.backend.exception.GlobalExceptionHandler","thread_name":"http-nio-8080-exec-7","level":"ERROR","level_value":40000,"traceId":"6bb77cd4-5492-4312-b5a9-a07e83e129e6"}
{"@timestamp":"2026-02-24T23:33:25.359001433Z","@version":"1","message":"event=request_end method=GET uri=/login status=500 duration=12ms slow_request=false","logger_name":"com.example.backend.config.RequestLoggingFilter","thread_name":"http-nio-8080-exec-7","level":"ERROR","level_value":40000,"traceId":"6bb77cd4-5492-4312-b5a9-a07e83e129e6"}
{"@timestamp":"2026-02-24T23:44:20.454302202Z","@version":"1","message":"event=request_start method=GET uri=/api/loan-request/pending ip=3.81.28.170","logger_name":"com.example.backend.config.RequestLoggingFilter","thread_name":"http-nio-8080-exec-8","level":"INFO","level_value":20000,"traceId":"147c1ef0-3956-4c0f-af32-77e7b2610605"}
{"@timestamp":"2026-02-24T23:44:20.461326256Z","@version":"1","message":"event=request_end method=GET uri=/api/loan-request/pending status=200 duration=7ms slow_request=false","logger_name":"com.example.backend.config.RequestLoggingFilter","thread_name":"http-nio-8080-exec-8","level":"INFO","level_value":20000,"traceId":"147c1ef0-3956-4c0f-af32-77e7b2610605"}
{"@timestamp":"2026-02-24T23:44:20.47531977Z","@version":"1","message":"event=request_start method=GET uri=/api/non-existing-loan-applications/pending ip=3.81.28.170","logger_name":"com.example.backend.config.RequestLoggingFilter","thread_name":"http-nio-8080-exec-9","level":"INFO","level_value":20000,"traceId":"e0970002-8529-4ffa-8991-30ac3e863838"}
{"@timestamp":"2026-02-24T23:44:20.480455307Z","@version":"1","message":"event=request_end method=GET uri=/api/non-existing-loan-applications/pending status=200 duration=5ms slow_request=false","logger_name":"com.example.backend.config.RequestLoggingFilter","thread_name":"http-nio-8080-exec-9","level":"INFO","level_value":20000,"traceId":"e0970002-8529-4ffa-8991-30ac3e863838"}
{"@timestamp":"2026-02-24T23:45:45.966656736Z","@version":"1","message":"event=request_start method=GET uri=/api/customers/4 ip=68.100.58.29","logger_name":"com.example.backend.config.RequestLoggingFilter","thread_name":"http-nio-8080-exec-10","level":"INFO","level_value":20000,"traceId":"540c91bf-b73a-4c25-bffb-d4566e87c328"}
{"@timestamp":"2026-02-24T23:45:45.98378946Z","@version":"1","message":"event=request_end method=GET uri=/api/customers/4 status=200 duration=17ms slow_request=false","logger_name":"com.example.backend.config.RequestLoggingFilter","thread_name":"http-nio-8080-exec-10","level":"INFO","level_value":20000,"traceId":"540c91bf-b73a-4c25-bffb-d4566e87c328"}
{"@timestamp":"2026-02-24T23:45:49.611515455Z","@version":"1","message":"event=request_start method=GET uri=/api/customers/30 ip=68.100.58.29","logger_name":"com.example.backend.config.RequestLoggingFilter","thread_name":"http-nio-8080-exec-1","level":"INFO","level_value":20000,"traceId":"21d971c0-4773-4701-8dae-715d05f8359f"}
{"@timestamp":"2026-02-24T23:45:49.626031803Z","@version":"1","message":"event=exception type=ResourceNotFoundException message=Customer not found with id: 30","logger_name":"com.example.backend.exception.GlobalExceptionHandler","thread_name":"http-nio-8080-exec-1","level":"WARN","level_value":30000,"traceId":"21d971c0-4773-4701-8dae-715d05f8359f"}
{"@timestamp":"2026-02-24T23:45:49.627828192Z","@version":"1","message":"event=request_end method=GET uri=/api/customers/30 status=404 duration=16ms slow_request=false","logger_name":"com.example.backend.config.RequestLoggingFilter","thread_name":"http-nio-8080-exec-1","level":"WARN","level_value":30000,"traceId":"21d971c0-4773-4701-8dae-715d05f8359f"}
{"@timestamp":"2026-02-24T23:45:53.010913208Z","@version":"1","message":"event=request_start method=DELETE uri=/api/customers/4 ip=68.100.58.29","logger_name":"com.example.backend.config.RequestLoggingFilter","thread_name":"http-nio-8080-exec-2","level":"INFO","level_value":20000,"traceId":"09dc19a1-03d4-41b5-b2b2-e5685cbd4cf5"}
{"@timestamp":"2026-02-24T23:45:53.143393953Z","@version":"1","message":"HHH000247: ErrorCode: 1451, SQLState: 23000","logger_name":"org.hibernate.orm.jdbc.error","thread_name":"http-nio-8080-exec-2","level":"WARN","level_value":30000,"traceId":"09dc19a1-03d4-41b5-b2b2-e5685cbd4cf5"}
{"@timestamp":"2026-02-24T23:45:53.143946583Z","@version":"1","message":"Cannot delete or update a parent row: a foreign key constraint fails (`banking_db`.`accounts`, CONSTRAINT `FKn6x8pdp50os8bq5rbb792upse` FOREIGN KEY (`customer_id`) REFERENCES `customers` (`customer_id`))","logger_name":"org.hibernate.orm.jdbc.error","thread_name":"http-nio-8080-exec-2","level":"WARN","level_value":30000,"traceId":"09dc19a1-03d4-41b5-b2b2-e5685cbd4cf5"}
{"@timestamp":"2026-02-24T23:45:53.169524902Z","@version":"1","message":"event=exception type=DataIntegrityViolationException message=could not execute statement [Cannot delete or update a parent row: a foreign key constraint fails (`banking_db`.`accounts`, CONSTRAINT `FKn6x8pdp50os8bq5rbb792upse` FOREIGN KEY (`customer_id`) REFERENCES `customers` (`customer_id`))] [delete from customers where customer_id=?]; SQL [delete from customers where customer_id=?]; constraint [FKn6x8pdp50os8bq5rbb792upse]","logger_name":"com.example.backend.exception.GlobalExceptionHandler","thread_name":"http-nio-8080-exec-2","level":"ERROR","level_value":40000,"traceId":"09dc19a1-03d4-41b5-b2b2-e5685cbd4cf5"}
{"@timestamp":"2026-02-24T23:45:53.172200123Z","@version":"1","message":"event=request_end method=DELETE uri=/api/customers/4 status=500 duration=162ms slow_request=false","logger_name":"com.example.backend.config.RequestLoggingFilter","thread_name":"http-nio-8080-exec-2","level":"ERROR","level_value":40000,"traceId":"09dc19a1-03d4-41b5-b2b2-e5685cbd4cf5"}
{"@timestamp":"2026-02-24T23:47:38.083686491Z","@version":"1","message":"event=request_start method=GET uri=/api/customers/4 ip=68.100.58.29","logger_name":"com.example.backend.config.RequestLoggingFilter","thread_name":"http-nio-8080-exec-3","level":"INFO","level_value":20000,"traceId":"b38062ea-a440-43b5-a1d1-ccf48c3de169"}
{"@timestamp":"2026-02-24T23:47:38.095354137Z","@version":"1","message":"event=request_end method=GET uri=/api/customers/4 status=200 duration=12ms slow_request=false","logger_name":"com.example.backend.config.RequestLoggingFilter","thread_name":"http-nio-8080-exec-3","level":"INFO","level_value":20000,"traceId":"b38062ea-a440-43b5-a1d1-ccf48c3de169"}
{"@timestamp":"2026-02-24T23:47:41.208034346Z","@version":"1","message":"event=request_start method=GET uri=/api/customers ip=68.100.58.29","logger_name":"com.example.backend.config.RequestLoggingFilter","thread_name":"http-nio-8080-exec-4","level":"INFO","level_value":20000,"traceId":"afc519b1-1fe5-462e-94d9-d27b77b7f5c1"}
{"@timestamp":"2026-02-24T23:47:41.244839959Z","@version":"1","message":"event=request_end method=GET uri=/api/customers status=200 duration=37ms slow_request=false","logger_name":"com.example.backend.config.RequestLoggingFilter","thread_name":"http-nio-8080-exec-4","level":"INFO","level_value":20000,"traceId":"afc519b1-1fe5-462e-94d9-d27b77b7f5c1"}
{"@timestamp":"2026-02-24T23:53:36.947767761Z","@version":"1","message":"event=request_start method=GET uri=/api/customers ip=68.100.58.29","logger_name":"com.example.backend.config.RequestLoggingFilter","thread_name":"http-nio-8080-exec-6","level":"INFO","level_value":20000,"traceId":"ee655846-04b0-4949-923d-fab49e2f7ac2"}
{"@timestamp":"2026-02-24T23:53:36.965910239Z","@version":"1","message":"event=request_end method=GET uri=/api/customers status=200 duration=18ms slow_request=false","logger_name":"com.example.backend.config.RequestLoggingFilter","thread_name":"http-nio-8080-exec-6","level":"INFO","level_value":20000,"traceId":"ee655846-04b0-4949-923d-fab49e2f7ac2"}
{"@timestamp":"2026-02-24T23:53:40.7937733Z","@version":"1","message":"event=request_start method=GET uri=/api/customers/4 ip=68.100.58.29","logger_name":"com.example.backend.config.RequestLoggingFilter","thread_name":"http-nio-8080-exec-7","level":"INFO","level_value":20000,"traceId":"f6188ec0-9eeb-494f-b0e2-fbbdda008254"}
{"@timestamp":"2026-02-24T23:53:40.809474372Z","@version":"1","message":"event=request_end method=GET uri=/api/customers/4 status=200 duration=16ms slow_request=false","logger_name":"com.example.backend.config.RequestLoggingFilter","thread_name":"http-nio-8080-exec-7","level":"INFO","level_value":20000,"traceId":"f6188ec0-9eeb-494f-b0e2-fbbdda008254"}
{"@timestamp":"2026-02-24T23:53:44.059668121Z","@version":"1","message":"event=request_start method=GET uri=/api/customers/30 ip=68.100.58.29","logger_name":"com.example.backend.config.RequestLoggingFilter","thread_name":"http-nio-8080-exec-8","level":"INFO","level_value":20000,"traceId":"d60f0ca8-257c-49b5-b82a-60e2ddfb8b10"}
{"@timestamp":"2026-02-24T23:53:44.072757742Z","@version":"1","message":"event=exception type=ResourceNotFoundException message=Customer not found with id: 30","logger_name":"com.example.backend.exception.GlobalExceptionHandler","thread_name":"http-nio-8080-exec-8","level":"WARN","level_value":30000,"traceId":"d60f0ca8-257c-49b5-b82a-60e2ddfb8b10"}
{"@timestamp":"2026-02-24T23:53:44.079014835Z","@version":"1","message":"event=request_end method=GET uri=/api/customers/30 status=404 duration=19ms slow_request=false","logger_name":"com.example.backend.config.RequestLoggingFilter","thread_name":"http-nio-8080-exec-8","level":"WARN","level_value":30000,"traceId":"d60f0ca8-257c-49b5-b82a-60e2ddfb8b10"}
{"@timestamp":"2026-02-24T23:59:20.529669316Z","@version":"1","message":"event=request_start method=GET uri=/api/loan-request/pending ip=3.239.100.174","logger_name":"com.example.backend.config.RequestLoggingFilter","thread_name":"http-nio-8080-exec-10","level":"INFO","level_value":20000,"traceId":"cbae13db-396e-4545-9e6d-a9e6f135c66c"}
{"@timestamp":"2026-02-24T23:59:20.535551684Z","@version":"1","message":"event=request_end method=GET uri=/api/loan-request/pending status=200 duration=6ms slow_request=false","logger_name":"com.example.backend.config.RequestLoggingFilter","thread_name":"http-nio-8080-exec-10","level":"INFO","level_value":20000,"traceId":"cbae13db-396e-4545-9e6d-a9e6f135c66c"}
{"@timestamp":"2026-02-24T23:59:20.54946771Z","@version":"1","message":"event=request_start method=GET uri=/api/non-existing-loan-applications/pending ip=3.239.100.174","logger_name":"com.example.backend.config.RequestLoggingFilter","thread_name":"http-nio-8080-exec-1","level":"INFO","level_value":20000,"traceId":"5206c8ad-5196-4989-8246-91c7d3eaccdc"}
{"@timestamp":"2026-02-24T23:59:20.554449008Z","@version":"1","message":"event=request_end method=GET uri=/api/non-existing-loan-applications/pending status=200 duration=5ms slow_request=false","logger_name":"com.example.backend.config.RequestLoggingFilter","thread_name":"http-nio-8080-exec-1","level":"INFO","level_value":20000,"traceId":"5206c8ad-5196-4989-8246-91c7d3eaccdc"}
